2015-07-13 14:08:46 Notice: Notice (8): Trying to get property of non-object in [/Users/edster2007/Sites/testBuild/src/Template/Orders/view.ctp, line 76]
Trace:
Cake\Error\BaseErrorHandler::handleError() - CORE/src/Error/BaseErrorHandler.php, line 138
include - APP/Template/Orders/view.ctp, line 76
Cake\View\View::_evaluate() - CORE/src/View/View.php, line 833
Cake\View\View::_render() - CORE/src/View/View.php, line 793
Cake\View\View::render() - CORE/src/View/View.php, line 464
Cake\Controller\Controller::render() - CORE/src/Controller/Controller.php, line 582
Cake\Routing\Dispatcher::_invoke() - CORE/src/Routing/Dispatcher.php, line 120
Cake\Routing\Dispatcher::dispatch() - CORE/src/Routing/Dispatcher.php, line 87
[main] - ROOT/webroot/index.php, line 37



2015-07-13 14:08:46 Notice: Notice (8): Trying to get property of non-object in [/Users/edster2007/Sites/testBuild/src/Template/Orders/view.ctp, line 76]
Trace:
Cake\Error\BaseErrorHandler::handleError() - CORE/src/Error/BaseErrorHandler.php, line 138
include - APP/Template/Orders/view.ctp, line 76
Cake\View\View::_evaluate() - CORE/src/View/View.php, line 833
Cake\View\View::_render() - CORE/src/View/View.php, line 793
Cake\View\View::render() - CORE/src/View/View.php, line 464
Cake\Controller\Controller::render() - CORE/src/Controller/Controller.php, line 582
Cake\Routing\Dispatcher::_invoke() - CORE/src/Routing/Dispatcher.php, line 120
Cake\Routing\Dispatcher::dispatch() - CORE/src/Routing/Dispatcher.php, line 87
[main] - ROOT/webroot/index.php, line 37



2015-07-13 14:08:46 Notice: Notice (8): Trying to get property of non-object in [/Users/edster2007/Sites/testBuild/src/Template/Orders/view.ctp, line 76]
Trace:
Cake\Error\BaseErrorHandler::handleError() - CORE/src/Error/BaseErrorHandler.php, line 138
include - APP/Template/Orders/view.ctp, line 76
Cake\View\View::_evaluate() - CORE/src/View/View.php, line 833
Cake\View\View::_render() - CORE/src/View/View.php, line 793
Cake\View\View::render() - CORE/src/View/View.php, line 464
Cake\Controller\Controller::render() - CORE/src/Controller/Controller.php, line 582
Cake\Routing\Dispatcher::_invoke() - CORE/src/Routing/Dispatcher.php, line 120
Cake\Routing\Dispatcher::dispatch() - CORE/src/Routing/Dispatcher.php, line 87
[main] - ROOT/webroot/index.php, line 37



2015-07-13 14:20:14 Notice: Notice (8): Trying to get property of non-object in [/Users/edster2007/Sites/testBuild/src/Template/Orders/view.ctp, line 76]
Trace:
Cake\Error\BaseErrorHandler::handleError() - CORE/src/Error/BaseErrorHandler.php, line 138
include - APP/Template/Orders/view.ctp, line 76
Cake\View\View::_evaluate() - CORE/src/View/View.php, line 833
Cake\View\View::_render() - CORE/src/View/View.php, line 793
Cake\View\View::render() - CORE/src/View/View.php, line 464
Cake\Controller\Controller::render() - CORE/src/Controller/Controller.php, line 582
Cake\Routing\Dispatcher::_invoke() - CORE/src/Routing/Dispatcher.php, line 120
Cake\Routing\Dispatcher::dispatch() - CORE/src/Routing/Dispatcher.php, line 87
[main] - ROOT/webroot/index.php, line 37



2015-07-13 14:20:14 Notice: Notice (8): Trying to get property of non-object in [/Users/edster2007/Sites/testBuild/src/Template/Orders/view.ctp, line 76]
Trace:
Cake\Error\BaseErrorHandler::handleError() - CORE/src/Error/BaseErrorHandler.php, line 138
include - APP/Template/Orders/view.ctp, line 76
Cake\View\View::_evaluate() - CORE/src/View/View.php, line 833
Cake\View\View::_render() - CORE/src/View/View.php, line 793
Cake\View\View::render() - CORE/src/View/View.php, line 464
Cake\Controller\Controller::render() - CORE/src/Controller/Controller.php, line 582
Cake\Routing\Dispatcher::_invoke() - CORE/src/Routing/Dispatcher.php, line 120
Cake\Routing\Dispatcher::dispatch() - CORE/src/Routing/Dispatcher.php, line 87
[main] - ROOT/webroot/index.php, line 37



2015-07-13 14:20:14 Notice: Notice (8): Trying to get property of non-object in [/Users/edster2007/Sites/testBuild/src/Template/Orders/view.ctp, line 76]
Trace:
Cake\Error\BaseErrorHandler::handleError() - CORE/src/Error/BaseErrorHandler.php, line 138
include - APP/Template/Orders/view.ctp, line 76
Cake\View\View::_evaluate() - CORE/src/View/View.php, line 833
Cake\View\View::_render() - CORE/src/View/View.php, line 793
Cake\View\View::render() - CORE/src/View/View.php, line 464
Cake\Controller\Controller::render() - CORE/src/Controller/Controller.php, line 582
Cake\Routing\Dispatcher::_invoke() - CORE/src/Routing/Dispatcher.php, line 120
Cake\Routing\Dispatcher::dispatch() - CORE/src/Routing/Dispatcher.php, line 87
[main] - ROOT/webroot/index.php, line 37



2015-07-13 14:20:37 Notice: Notice (8): Undefined variable: item in [/Users/edster2007/Sites/testBuild/src/Template/Orders/view.ctp, line 76]
Trace:
Cake\Error\BaseErrorHandler::handleError() - CORE/src/Error/BaseErrorHandler.php, line 138
include - APP/Template/Orders/view.ctp, line 76
Cake\View\View::_evaluate() - CORE/src/View/View.php, line 833
Cake\View\View::_render() - CORE/src/View/View.php, line 793
Cake\View\View::render() - CORE/src/View/View.php, line 464
Cake\Controller\Controller::render() - CORE/src/Controller/Controller.php, line 582
Cake\Routing\Dispatcher::_invoke() - CORE/src/Routing/Dispatcher.php, line 120
Cake\Routing\Dispatcher::dispatch() - CORE/src/Routing/Dispatcher.php, line 87
[main] - ROOT/webroot/index.php, line 37



2015-07-13 14:20:37 Notice: Notice (8): Trying to get property of non-object in [/Users/edster2007/Sites/testBuild/src/Template/Orders/view.ctp, line 76]
Trace:
Cake\Error\BaseErrorHandler::handleError() - CORE/src/Error/BaseErrorHandler.php, line 138
include - APP/Template/Orders/view.ctp, line 76
Cake\View\View::_evaluate() - CORE/src/View/View.php, line 833
Cake\View\View::_render() - CORE/src/View/View.php, line 793
Cake\View\View::render() - CORE/src/View/View.php, line 464
Cake\Controller\Controller::render() - CORE/src/Controller/Controller.php, line 582
Cake\Routing\Dispatcher::_invoke() - CORE/src/Routing/Dispatcher.php, line 120
Cake\Routing\Dispatcher::dispatch() - CORE/src/Routing/Dispatcher.php, line 87
[main] - ROOT/webroot/index.php, line 37



2015-07-13 14:20:37 Notice: Notice (8): Undefined variable: item in [/Users/edster2007/Sites/testBuild/src/Template/Orders/view.ctp, line 76]
Trace:
Cake\Error\BaseErrorHandler::handleError() - CORE/src/Error/BaseErrorHandler.php, line 138
include - APP/Template/Orders/view.ctp, line 76
Cake\View\View::_evaluate() - CORE/src/View/View.php, line 833
Cake\View\View::_render() - CORE/src/View/View.php, line 793
Cake\View\View::render() - CORE/src/View/View.php, line 464
Cake\Controller\Controller::render() - CORE/src/Controller/Controller.php, line 582
Cake\Routing\Dispatcher::_invoke() - CORE/src/Routing/Dispatcher.php, line 120
Cake\Routing\Dispatcher::dispatch() - CORE/src/Routing/Dispatcher.php, line 87
[main] - ROOT/webroot/index.php, line 37



2015-07-13 14:20:37 Notice: Notice (8): Trying to get property of non-object in [/Users/edster2007/Sites/testBuild/src/Template/Orders/view.ctp, line 76]
Trace:
Cake\Error\BaseErrorHandler::handleError() - CORE/src/Error/BaseErrorHandler.php, line 138
include - APP/Template/Orders/view.ctp, line 76
Cake\View\View::_evaluate() - CORE/src/View/View.php, line 833
Cake\View\View::_render() - CORE/src/View/View.php, line 793
Cake\View\View::render() - CORE/src/View/View.php, line 464
Cake\Controller\Controller::render() - CORE/src/Controller/Controller.php, line 582
Cake\Routing\Dispatcher::_invoke() - CORE/src/Routing/Dispatcher.php, line 120
Cake\Routing\Dispatcher::dispatch() - CORE/src/Routing/Dispatcher.php, line 87
[main] - ROOT/webroot/index.php, line 37



2015-07-13 14:20:37 Notice: Notice (8): Undefined variable: item in [/Users/edster2007/Sites/testBuild/src/Template/Orders/view.ctp, line 76]
Trace:
Cake\Error\BaseErrorHandler::handleError() - CORE/src/Error/BaseErrorHandler.php, line 138
include - APP/Template/Orders/view.ctp, line 76
Cake\View\View::_evaluate() - CORE/src/View/View.php, line 833
Cake\View\View::_render() - CORE/src/View/View.php, line 793
Cake\View\View::render() - CORE/src/View/View.php, line 464
Cake\Controller\Controller::render() - CORE/src/Controller/Controller.php, line 582
Cake\Routing\Dispatcher::_invoke() - CORE/src/Routing/Dispatcher.php, line 120
Cake\Routing\Dispatcher::dispatch() - CORE/src/Routing/Dispatcher.php, line 87
[main] - ROOT/webroot/index.php, line 37



2015-07-13 14:20:37 Notice: Notice (8): Trying to get property of non-object in [/Users/edster2007/Sites/testBuild/src/Template/Orders/view.ctp, line 76]
Trace:
Cake\Error\BaseErrorHandler::handleError() - CORE/src/Error/BaseErrorHandler.php, line 138
include - APP/Template/Orders/view.ctp, line 76
Cake\View\View::_evaluate() - CORE/src/View/View.php, line 833
Cake\View\View::_render() - CORE/src/View/View.php, line 793
Cake\View\View::render() - CORE/src/View/View.php, line 464
Cake\Controller\Controller::render() - CORE/src/Controller/Controller.php, line 582
Cake\Routing\Dispatcher::_invoke() - CORE/src/Routing/Dispatcher.php, line 120
Cake\Routing\Dispatcher::dispatch() - CORE/src/Routing/Dispatcher.php, line 87
[main] - ROOT/webroot/index.php, line 37



2015-07-13 14:21:32 Notice: Notice (8): Trying to get property of non-object in [/Users/edster2007/Sites/testBuild/src/Template/Orders/view.ctp, line 76]
Trace:
Cake\Error\BaseErrorHandler::handleError() - CORE/src/Error/BaseErrorHandler.php, line 138
include - APP/Template/Orders/view.ctp, line 76
Cake\View\View::_evaluate() - CORE/src/View/View.php, line 833
Cake\View\View::_render() - CORE/src/View/View.php, line 793
Cake\View\View::render() - CORE/src/View/View.php, line 464
Cake\Controller\Controller::render() - CORE/src/Controller/Controller.php, line 582
Cake\Routing\Dispatcher::_invoke() - CORE/src/Routing/Dispatcher.php, line 120
Cake\Routing\Dispatcher::dispatch() - CORE/src/Routing/Dispatcher.php, line 87
[main] - ROOT/webroot/index.php, line 37



2015-07-13 14:21:32 Notice: Notice (8): Trying to get property of non-object in [/Users/edster2007/Sites/testBuild/src/Template/Orders/view.ctp, line 76]
Trace:
Cake\Error\BaseErrorHandler::handleError() - CORE/src/Error/BaseErrorHandler.php, line 138
include - APP/Template/Orders/view.ctp, line 76
Cake\View\View::_evaluate() - CORE/src/View/View.php, line 833
Cake\View\View::_render() - CORE/src/View/View.php, line 793
Cake\View\View::render() - CORE/src/View/View.php, line 464
Cake\Controller\Controller::render() - CORE/src/Controller/Controller.php, line 582
Cake\Routing\Dispatcher::_invoke() - CORE/src/Routing/Dispatcher.php, line 120
Cake\Routing\Dispatcher::dispatch() - CORE/src/Routing/Dispatcher.php, line 87
[main] - ROOT/webroot/index.php, line 37



2015-07-13 14:21:32 Notice: Notice (8): Trying to get property of non-object in [/Users/edster2007/Sites/testBuild/src/Template/Orders/view.ctp, line 76]
Trace:
Cake\Error\BaseErrorHandler::handleError() - CORE/src/Error/BaseErrorHandler.php, line 138
include - APP/Template/Orders/view.ctp, line 76
Cake\View\View::_evaluate() - CORE/src/View/View.php, line 833
Cake\View\View::_render() - CORE/src/View/View.php, line 793
Cake\View\View::render() - CORE/src/View/View.php, line 464
Cake\Controller\Controller::render() - CORE/src/Controller/Controller.php, line 582
Cake\Routing\Dispatcher::_invoke() - CORE/src/Routing/Dispatcher.php, line 120
Cake\Routing\Dispatcher::dispatch() - CORE/src/Routing/Dispatcher.php, line 87
[main] - ROOT/webroot/index.php, line 37



2015-07-31 04:40:18 Notice: Deprecated (16384): SessionHelper has been deprecated. Use request->session() instead. in [E:\wamp\www\App\vendor\cakephp\cakephp\src\View\Helper\SessionHelper.php, line 39]
Trace:
Cake\Error\BaseErrorHandler::handleError() - CORE\src\Error\BaseErrorHandler.php, line 139
Cake\View\Helper\SessionHelper::__construct() - CORE\src\View\Helper\SessionHelper.php, line 39
Cake\View\HelperRegistry::_create() - CORE\src\View\HelperRegistry.php, line 143
Cake\Core\ObjectRegistry::load() - CORE\src\Core\ObjectRegistry.php, line 93
Cake\View\HelperRegistry::__isset() - CORE\src\View\HelperRegistry.php, line 67
Cake\View\View::__get() - CORE\src\View\View.php, line 751
include - APP/Template\Users\login.ctp, line 6
Cake\View\View::_evaluate() - CORE\src\View\View.php, line 834
Cake\View\View::_render() - CORE\src\View\View.php, line 794
Cake\View\View::render() - CORE\src\View\View.php, line 465
Cake\Controller\Controller::render() - CORE\src\Controller\Controller.php, line 582
Cake\Routing\Dispatcher::_invoke() - CORE\src\Routing\Dispatcher.php, line 120
Cake\Routing\Dispatcher::dispatch() - CORE\src\Routing\Dispatcher.php, line 87
[main] - ROOT\webroot\index.php, line 37



2015-07-31 04:40:34 Notice: Deprecated (16384): SessionHelper has been deprecated. Use request->session() instead. in [E:\wamp\www\App\vendor\cakephp\cakephp\src\View\Helper\SessionHelper.php, line 39]
Trace:
Cake\Error\BaseErrorHandler::handleError() - CORE\src\Error\BaseErrorHandler.php, line 139
Cake\View\Helper\SessionHelper::__construct() - CORE\src\View\Helper\SessionHelper.php, line 39
Cake\View\HelperRegistry::_create() - CORE\src\View\HelperRegistry.php, line 143
Cake\Core\ObjectRegistry::load() - CORE\src\Core\ObjectRegistry.php, line 93
Cake\View\HelperRegistry::__isset() - CORE\src\View\HelperRegistry.php, line 67
Cake\View\View::__get() - CORE\src\View\View.php, line 751
include - APP/Template\Users\login.ctp, line 6
Cake\View\View::_evaluate() - CORE\src\View\View.php, line 834
Cake\View\View::_render() - CORE\src\View\View.php, line 794
Cake\View\View::render() - CORE\src\View\View.php, line 465
Cake\Controller\Controller::render() - CORE\src\Controller\Controller.php, line 582
Cake\Routing\Dispatcher::_invoke() - CORE\src\Routing\Dispatcher.php, line 120
Cake\Routing\Dispatcher::dispatch() - CORE\src\Routing\Dispatcher.php, line 87
[main] - ROOT\webroot\index.php, line 37



2015-07-31 04:42:16 Notice: Deprecated (16384): SessionHelper has been deprecated. Use request->session() instead. in [E:\wamp\www\App\vendor\cakephp\cakephp\src\View\Helper\SessionHelper.php, line 39]
Trace:
Cake\Error\BaseErrorHandler::handleError() - CORE\src\Error\BaseErrorHandler.php, line 139
Cake\View\Helper\SessionHelper::__construct() - CORE\src\View\Helper\SessionHelper.php, line 39
Cake\View\HelperRegistry::_create() - CORE\src\View\HelperRegistry.php, line 143
Cake\Core\ObjectRegistry::load() - CORE\src\Core\ObjectRegistry.php, line 93
Cake\View\HelperRegistry::__isset() - CORE\src\View\HelperRegistry.php, line 67
Cake\View\View::__get() - CORE\src\View\View.php, line 751
include - APP/Template\Users\login.ctp, line 6
Cake\View\View::_evaluate() - CORE\src\View\View.php, line 834
Cake\View\View::_render() - CORE\src\View\View.php, line 794
Cake\View\View::render() - CORE\src\View\View.php, line 465
Cake\Controller\Controller::render() - CORE\src\Controller\Controller.php, line 582
Cake\Routing\Dispatcher::_invoke() - CORE\src\Routing\Dispatcher.php, line 120
Cake\Routing\Dispatcher::dispatch() - CORE\src\Routing\Dispatcher.php, line 87
[main] - ROOT\webroot\index.php, line 37



2015-07-31 04:42:33 Notice: Notice (8): Undefined variable: request in [E:\wamp\www\App\src\Template\Users\login.ctp, line 6]
Trace:
Cake\Error\BaseErrorHandler::handleError() - CORE\src\Error\BaseErrorHandler.php, line 139
include - APP/Template\Users\login.ctp, line 6
Cake\View\View::_evaluate() - CORE\src\View\View.php, line 834
Cake\View\View::_render() - CORE\src\View\View.php, line 794
Cake\View\View::render() - CORE\src\View\View.php, line 465
Cake\Controller\Controller::render() - CORE\src\Controller\Controller.php, line 582
Cake\Routing\Dispatcher::_invoke() - CORE\src\Routing\Dispatcher.php, line 120
Cake\Routing\Dispatcher::dispatch() - CORE\src\Routing\Dispatcher.php, line 87
[main] - ROOT\webroot\index.php, line 37



2015-07-31 04:42:33 Notice: Notice (8): Trying to get property of non-object in [E:\wamp\www\App\src\Template\Users\login.ctp, line 6]
Trace:
Cake\Error\BaseErrorHandler::handleError() - CORE\src\Error\BaseErrorHandler.php, line 139
include - APP/Template\Users\login.ctp, line 6
Cake\View\View::_evaluate() - CORE\src\View\View.php, line 834
Cake\View\View::_render() - CORE\src\View\View.php, line 794
Cake\View\View::render() - CORE\src\View\View.php, line 465
Cake\Controller\Controller::render() - CORE\src\Controller\Controller.php, line 582
Cake\Routing\Dispatcher::_invoke() - CORE\src\Routing\Dispatcher.php, line 120
Cake\Routing\Dispatcher::dispatch() - CORE\src\Routing\Dispatcher.php, line 87
[main] - ROOT\webroot\index.php, line 37



2015-07-31 09:06:10 Notice: Notice (8): Undefined variable: value in [E:\wamp\www\App\src\Template\Email\html\send_email.ctp, line 63]
Trace:
Cake\Error\BaseErrorHandler::handleError() - CORE\src\Error\BaseErrorHandler.php, line 139
include - APP/Template\Email\html\send_email.ctp, line 63
Cake\View\View::_evaluate() - CORE\src\View\View.php, line 834
Cake\View\View::_render() - CORE\src\View\View.php, line 794
Cake\View\View::render() - CORE\src\View\View.php, line 465
Cake\Network\Email\Email::_renderTemplates() - CORE\src\Network\Email\Email.php, line 1862
Cake\Network\Email\Email::_render() - CORE\src\Network\Email\Email.php, line 1713
Cake\Network\Email\Email::send() - CORE\src\Network\Email\Email.php, line 1303
App\Controller\CustomersController::buildEmails() - APP/Controller\CustomersController.php, line 184
Cake\Controller\Controller::invokeAction() - CORE\src\Controller\Controller.php, line 411
Cake\Routing\Dispatcher::_invoke() - CORE\src\Routing\Dispatcher.php, line 114
Cake\Routing\Dispatcher::dispatch() - CORE\src\Routing\Dispatcher.php, line 87
[main] - ROOT\webroot\index.php, line 37



2015-07-31 09:06:10 Notice: Notice (8): Undefined variable: value in [E:\wamp\www\App\src\Template\Email\text\send_email.ctp, line 16]
Trace:
Cake\Error\BaseErrorHandler::handleError() - CORE\src\Error\BaseErrorHandler.php, line 139
include - APP/Template\Email\text\send_email.ctp, line 16
Cake\View\View::_evaluate() - CORE\src\View\View.php, line 834
Cake\View\View::_render() - CORE\src\View\View.php, line 794
Cake\View\View::render() - CORE\src\View\View.php, line 465
Cake\Network\Email\Email::_renderTemplates() - CORE\src\Network\Email\Email.php, line 1862
Cake\Network\Email\Email::_render() - CORE\src\Network\Email\Email.php, line 1713
Cake\Network\Email\Email::send() - CORE\src\Network\Email\Email.php, line 1303
App\Controller\CustomersController::buildEmails() - APP/Controller\CustomersController.php, line 184
Cake\Controller\Controller::invokeAction() - CORE\src\Controller\Controller.php, line 411
Cake\Routing\Dispatcher::_invoke() - CORE\src\Routing\Dispatcher.php, line 114
Cake\Routing\Dispatcher::dispatch() - CORE\src\Routing\Dispatcher.php, line 87
[main] - ROOT\webroot\index.php, line 37



2015-07-31 09:07:36 Notice: Notice (8): Undefined variable: value in [E:\wamp\www\App\src\Template\Email\text\send_email.ctp, line 16]
Trace:
Cake\Error\BaseErrorHandler::handleError() - CORE\src\Error\BaseErrorHandler.php, line 139
include - APP/Template\Email\text\send_email.ctp, line 16
Cake\View\View::_evaluate() - CORE\src\View\View.php, line 834
Cake\View\View::_render() - CORE\src\View\View.php, line 794
Cake\View\View::render() - CORE\src\View\View.php, line 465
Cake\Network\Email\Email::_renderTemplates() - CORE\src\Network\Email\Email.php, line 1862
Cake\Network\Email\Email::_render() - CORE\src\Network\Email\Email.php, line 1713
Cake\Network\Email\Email::send() - CORE\src\Network\Email\Email.php, line 1303
App\Controller\CustomersController::buildEmails() - APP/Controller\CustomersController.php, line 184
Cake\Controller\Controller::invokeAction() - CORE\src\Controller\Controller.php, line 411
Cake\Routing\Dispatcher::_invoke() - CORE\src\Routing\Dispatcher.php, line 114
Cake\Routing\Dispatcher::dispatch() - CORE\src\Routing\Dispatcher.php, line 87
[main] - ROOT\webroot\index.php, line 37



2015-07-31 09:15:27 Notice: Notice (8): Undefined variable: value in [E:\wamp\www\App\src\Template\Email\text\send_email.ctp, line 16]
Trace:
Cake\Error\BaseErrorHandler::handleError() - CORE\src\Error\BaseErrorHandler.php, line 139
include - APP/Template\Email\text\send_email.ctp, line 16
Cake\View\View::_evaluate() - CORE\src\View\View.php, line 834
Cake\View\View::_render() - CORE\src\View\View.php, line 794
Cake\View\View::render() - CORE\src\View\View.php, line 465
Cake\Network\Email\Email::_renderTemplates() - CORE\src\Network\Email\Email.php, line 1862
Cake\Network\Email\Email::_render() - CORE\src\Network\Email\Email.php, line 1713
Cake\Network\Email\Email::send() - CORE\src\Network\Email\Email.php, line 1303
App\Controller\CustomersController::buildEmails() - APP/Controller\CustomersController.php, line 184
Cake\Controller\Controller::invokeAction() - CORE\src\Controller\Controller.php, line 411
Cake\Routing\Dispatcher::_invoke() - CORE\src\Routing\Dispatcher.php, line 114
Cake\Routing\Dispatcher::dispatch() - CORE\src\Routing\Dispatcher.php, line 87
[main] - ROOT\webroot\index.php, line 37



2015-07-31 09:16:16 Notice: Notice (8): Undefined variable: value in [E:\wamp\www\App\src\Template\Email\text\send_email.ctp, line 16]
Trace:
Cake\Error\BaseErrorHandler::handleError() - CORE\src\Error\BaseErrorHandler.php, line 139
include - APP/Template\Email\text\send_email.ctp, line 16
Cake\View\View::_evaluate() - CORE\src\View\View.php, line 834
Cake\View\View::_render() - CORE\src\View\View.php, line 794
Cake\View\View::render() - CORE\src\View\View.php, line 465
Cake\Network\Email\Email::_renderTemplates() - CORE\src\Network\Email\Email.php, line 1862
Cake\Network\Email\Email::_render() - CORE\src\Network\Email\Email.php, line 1713
Cake\Network\Email\Email::send() - CORE\src\Network\Email\Email.php, line 1303
App\Controller\CustomersController::buildEmails() - APP/Controller\CustomersController.php, line 184
Cake\Controller\Controller::invokeAction() - CORE\src\Controller\Controller.php, line 411
Cake\Routing\Dispatcher::_invoke() - CORE\src\Routing\Dispatcher.php, line 114
Cake\Routing\Dispatcher::dispatch() - CORE\src\Routing\Dispatcher.php, line 87
[main] - ROOT\webroot\index.php, line 37



2015-08-02 13:17:03 Notice: Notice (8): Undefined index: Email in [/Users/edster2007/Sites/testBuild/src/Controller/CustomersController.php, line 151]
Trace:
Cake\Error\BaseErrorHandler::handleError() - CORE/src/Error/BaseErrorHandler.php, line 139
App\Controller\CustomersController::buildEmails() - APP/Controller/CustomersController.php, line 151
Cake\Controller\Controller::invokeAction() - CORE/src/Controller/Controller.php, line 411
Cake\Routing\Dispatcher::_invoke() - CORE/src/Routing/Dispatcher.php, line 114
Cake\Routing\Dispatcher::dispatch() - CORE/src/Routing/Dispatcher.php, line 87
[main] - ROOT/webroot/index.php, line 37



2015-08-02 13:18:17 Notice: Notice (8): Undefined index: Build_Emails in [/Users/edster2007/Sites/testBuild/src/Controller/CustomersController.php, line 151]
Trace:
Cake\Error\BaseErrorHandler::handleError() - CORE/src/Error/BaseErrorHandler.php, line 139
App\Controller\CustomersController::buildEmails() - APP/Controller/CustomersController.php, line 151
Cake\Controller\Controller::invokeAction() - CORE/src/Controller/Controller.php, line 411
Cake\Routing\Dispatcher::_invoke() - CORE/src/Routing/Dispatcher.php, line 114
Cake\Routing\Dispatcher::dispatch() - CORE/src/Routing/Dispatcher.php, line 87
[main] - ROOT/webroot/index.php, line 37



2015-08-02 13:18:22 Notice: Notice (8): Undefined index: Build_Emails in [/Users/edster2007/Sites/testBuild/src/Controller/CustomersController.php, line 151]
Trace:
Cake\Error\BaseErrorHandler::handleError() - CORE/src/Error/BaseErrorHandler.php, line 139
App\Controller\CustomersController::buildEmails() - APP/Controller/CustomersController.php, line 151
Cake\Controller\Controller::invokeAction() - CORE/src/Controller/Controller.php, line 411
Cake\Routing\Dispatcher::_invoke() - CORE/src/Routing/Dispatcher.php, line 114
Cake\Routing\Dispatcher::dispatch() - CORE/src/Routing/Dispatcher.php, line 87
[main] - ROOT/webroot/index.php, line 37



2015-08-02 13:18:48 Notice: Notice (8): Undefined index: checkbox in [/Users/edster2007/Sites/testBuild/src/Controller/CustomersController.php, line 151]
Trace:
Cake\Error\BaseErrorHandler::handleError() - CORE/src/Error/BaseErrorHandler.php, line 139
App\Controller\CustomersController::buildEmails() - APP/Controller/CustomersController.php, line 151
Cake\Controller\Controller::invokeAction() - CORE/src/Controller/Controller.php, line 411
Cake\Routing\Dispatcher::_invoke() - CORE/src/Routing/Dispatcher.php, line 114
Cake\Routing\Dispatcher::dispatch() - CORE/src/Routing/Dispatcher.php, line 87
[main] - ROOT/webroot/index.php, line 37



2015-08-02 13:20:45 Notice: Notice (8): Undefined index: build_emails in [/Users/edster2007/Sites/testBuild/src/Controller/CustomersController.php, line 151]
Trace:
Cake\Error\BaseErrorHandler::handleError() - CORE/src/Error/BaseErrorHandler.php, line 139
App\Controller\CustomersController::buildEmails() - APP/Controller/CustomersController.php, line 151
Cake\Controller\Controller::invokeAction() - CORE/src/Controller/Controller.php, line 411
Cake\Routing\Dispatcher::_invoke() - CORE/src/Routing/Dispatcher.php, line 114
Cake\Routing\Dispatcher::dispatch() - CORE/src/Routing/Dispatcher.php, line 87
[main] - ROOT/webroot/index.php, line 37



2015-08-02 13:21:07 Notice: Notice (8): Undefined index: CustomerEmail in [/Users/edster2007/Sites/testBuild/src/Controller/CustomersController.php, line 151]
Trace:
Cake\Error\BaseErrorHandler::handleError() - CORE/src/Error/BaseErrorHandler.php, line 139
App\Controller\CustomersController::buildEmails() - APP/Controller/CustomersController.php, line 151
Cake\Controller\Controller::invokeAction() - CORE/src/Controller/Controller.php, line 411
Cake\Routing\Dispatcher::_invoke() - CORE/src/Routing/Dispatcher.php, line 114
Cake\Routing\Dispatcher::dispatch() - CORE/src/Routing/Dispatcher.php, line 87
[main] - ROOT/webroot/index.php, line 37



2015-08-02 13:22:20 Notice: Notice (8): Undefined index: Email in [/Users/edster2007/Sites/testBuild/src/Controller/CustomersController.php, line 151]
Trace:
Cake\Error\BaseErrorHandler::handleError() - CORE/src/Error/BaseErrorHandler.php, line 139
App\Controller\CustomersController::buildEmails() - APP/Controller/CustomersController.php, line 151
Cake\Controller\Controller::invokeAction() - CORE/src/Controller/Controller.php, line 411
Cake\Routing\Dispatcher::_invoke() - CORE/src/Routing/Dispatcher.php, line 114
Cake\Routing\Dispatcher::dispatch() - CORE/src/Routing/Dispatcher.php, line 87
[main] - ROOT/webroot/index.php, line 37



2015-08-02 13:25:05 Notice: Notice (8): Undefined index: Email in [/Users/edster2007/Sites/testBuild/src/Controller/CustomersController.php, line 151]
Trace:
Cake\Error\BaseErrorHandler::handleError() - CORE/src/Error/BaseErrorHandler.php, line 139
App\Controller\CustomersController::buildEmails() - APP/Controller/CustomersController.php, line 151
Cake\Controller\Controller::invokeAction() - CORE/src/Controller/Controller.php, line 411
Cake\Routing\Dispatcher::_invoke() - CORE/src/Routing/Dispatcher.php, line 114
Cake\Routing\Dispatcher::dispatch() - CORE/src/Routing/Dispatcher.php, line 87
[main] - ROOT/webroot/index.php, line 37



2015-08-02 13:25:18 Notice: Notice (8): Undefined index: checkbox in [/Users/edster2007/Sites/testBuild/src/Controller/CustomersController.php, line 151]
Trace:
Cake\Error\BaseErrorHandler::handleError() - CORE/src/Error/BaseErrorHandler.php, line 139
App\Controller\CustomersController::buildEmails() - APP/Controller/CustomersController.php, line 151
Cake\Controller\Controller::invokeAction() - CORE/src/Controller/Controller.php, line 411
Cake\Routing\Dispatcher::_invoke() - CORE/src/Routing/Dispatcher.php, line 114
Cake\Routing\Dispatcher::dispatch() - CORE/src/Routing/Dispatcher.php, line 87
[main] - ROOT/webroot/index.php, line 37



2015-08-02 13:33:07 Notice: Notice (8): Undefined index: Email in [/Users/edster2007/Sites/testBuild/src/Controller/CustomersController.php, line 151]
Trace:
Cake\Error\BaseErrorHandler::handleError() - CORE/src/Error/BaseErrorHandler.php, line 139
App\Controller\CustomersController::buildEmails() - APP/Controller/CustomersController.php, line 151
Cake\Controller\Controller::invokeAction() - CORE/src/Controller/Controller.php, line 411
Cake\Routing\Dispatcher::_invoke() - CORE/src/Routing/Dispatcher.php, line 114
Cake\Routing\Dispatcher::dispatch() - CORE/src/Routing/Dispatcher.php, line 87
[main] - ROOT/webroot/index.php, line 37



2015-08-02 13:34:40 Notice: Notice (8): Undefined index: BuildEmails in [/Users/edster2007/Sites/testBuild/src/Controller/CustomersController.php, line 151]
Trace:
Cake\Error\BaseErrorHandler::handleError() - CORE/src/Error/BaseErrorHandler.php, line 139
App\Controller\CustomersController::buildEmails() - APP/Controller/CustomersController.php, line 151
Cake\Controller\Controller::invokeAction() - CORE/src/Controller/Controller.php, line 411
Cake\Routing\Dispatcher::_invoke() - CORE/src/Routing/Dispatcher.php, line 114
Cake\Routing\Dispatcher::dispatch() - CORE/src/Routing/Dispatcher.php, line 87
[main] - ROOT/webroot/index.php, line 37



2015-08-02 13:34:42 Notice: Notice (8): Undefined index: BuildEmails in [/Users/edster2007/Sites/testBuild/src/Controller/CustomersController.php, line 151]
Trace:
Cake\Error\BaseErrorHandler::handleError() - CORE/src/Error/BaseErrorHandler.php, line 139
App\Controller\CustomersController::buildEmails() - APP/Controller/CustomersController.php, line 151
Cake\Controller\Controller::invokeAction() - CORE/src/Controller/Controller.php, line 411
Cake\Routing\Dispatcher::_invoke() - CORE/src/Routing/Dispatcher.php, line 114
Cake\Routing\Dispatcher::dispatch() - CORE/src/Routing/Dispatcher.php, line 87
[main] - ROOT/webroot/index.php, line 37



2015-08-02 13:34:48 Notice: Notice (8): Undefined index: checkbox in [/Users/edster2007/Sites/testBuild/src/Controller/CustomersController.php, line 151]
Trace:
Cake\Error\BaseErrorHandler::handleError() - CORE/src/Error/BaseErrorHandler.php, line 139
App\Controller\CustomersController::buildEmails() - APP/Controller/CustomersController.php, line 151
Cake\Controller\Controller::invokeAction() - CORE/src/Controller/Controller.php, line 411
Cake\Routing\Dispatcher::_invoke() - CORE/src/Routing/Dispatcher.php, line 114
Cake\Routing\Dispatcher::dispatch() - CORE/src/Routing/Dispatcher.php, line 87
[main] - ROOT/webroot/index.php, line 37



2015-08-02 14:15:20 Notice: Notice (8): Undefined index: emails in [/Users/edster2007/Sites/testBuild/src/Controller/CustomersController.php, line 151]
Trace:
Cake\Error\BaseErrorHandler::handleError() - CORE/src/Error/BaseErrorHandler.php, line 139
App\Controller\CustomersController::buildEmails() - APP/Controller/CustomersController.php, line 151
Cake\Controller\Controller::invokeAction() - CORE/src/Controller/Controller.php, line 411
Cake\Routing\Dispatcher::_invoke() - CORE/src/Routing/Dispatcher.php, line 114
Cake\Routing\Dispatcher::dispatch() - CORE/src/Routing/Dispatcher.php, line 87
[main] - ROOT/webroot/index.php, line 37



2015-08-02 14:23:12 Notice: Notice (8): Undefined variable: value in [/Users/edster2007/Sites/testBuild/src/Template/Email/text/send_email.ctp, line 16]
Trace:
Cake\Error\BaseErrorHandler::handleError() - CORE/src/Error/BaseErrorHandler.php, line 139
include - APP/Template/Email/text/send_email.ctp, line 16
Cake\View\View::_evaluate() - CORE/src/View/View.php, line 834
Cake\View\View::_render() - CORE/src/View/View.php, line 794
Cake\View\View::render() - CORE/src/View/View.php, line 465
Cake\Network\Email\Email::_renderTemplates() - CORE/src/Network/Email/Email.php, line 1862
Cake\Network\Email\Email::_render() - CORE/src/Network/Email/Email.php, line 1713
Cake\Network\Email\Email::send() - CORE/src/Network/Email/Email.php, line 1303
App\Controller\CustomersController::buildEmails() - APP/Controller/CustomersController.php, line 174
Cake\Controller\Controller::invokeAction() - CORE/src/Controller/Controller.php, line 411
Cake\Routing\Dispatcher::_invoke() - CORE/src/Routing/Dispatcher.php, line 114
Cake\Routing\Dispatcher::dispatch() - CORE/src/Routing/Dispatcher.php, line 87
[main] - ROOT/webroot/index.php, line 37



2015-08-02 14:27:07 Notice: Notice (8): Undefined variable: value in [/Users/edster2007/Sites/testBuild/src/Template/Email/text/send_email.ctp, line 16]
Trace:
Cake\Error\BaseErrorHandler::handleError() - CORE/src/Error/BaseErrorHandler.php, line 139
include - APP/Template/Email/text/send_email.ctp, line 16
Cake\View\View::_evaluate() - CORE/src/View/View.php, line 834
Cake\View\View::_render() - CORE/src/View/View.php, line 794
Cake\View\View::render() - CORE/src/View/View.php, line 465
Cake\Network\Email\Email::_renderTemplates() - CORE/src/Network/Email/Email.php, line 1862
Cake\Network\Email\Email::_render() - CORE/src/Network/Email/Email.php, line 1713
Cake\Network\Email\Email::send() - CORE/src/Network/Email/Email.php, line 1303
App\Controller\CustomersController::buildEmails() - APP/Controller/CustomersController.php, line 174
Cake\Controller\Controller::invokeAction() - CORE/src/Controller/Controller.php, line 411
Cake\Routing\Dispatcher::_invoke() - CORE/src/Routing/Dispatcher.php, line 114
Cake\Routing\Dispatcher::dispatch() - CORE/src/Routing/Dispatcher.php, line 87
[main] - ROOT/webroot/index.php, line 37



2015-08-02 14:28:47 Notice: Notice (8): Undefined variable: value in [/Users/edster2007/Sites/testBuild/src/Template/Email/text/send_email.ctp, line 16]
Trace:
Cake\Error\BaseErrorHandler::handleError() - CORE/src/Error/BaseErrorHandler.php, line 139
include - APP/Template/Email/text/send_email.ctp, line 16
Cake\View\View::_evaluate() - CORE/src/View/View.php, line 834
Cake\View\View::_render() - CORE/src/View/View.php, line 794
Cake\View\View::render() - CORE/src/View/View.php, line 465
Cake\Network\Email\Email::_renderTemplates() - CORE/src/Network/Email/Email.php, line 1862
Cake\Network\Email\Email::_render() - CORE/src/Network/Email/Email.php, line 1713
Cake\Network\Email\Email::send() - CORE/src/Network/Email/Email.php, line 1303
App\Controller\CustomersController::buildEmails() - APP/Controller/CustomersController.php, line 174
Cake\Controller\Controller::invokeAction() - CORE/src/Controller/Controller.php, line 411
Cake\Routing\Dispatcher::_invoke() - CORE/src/Routing/Dispatcher.php, line 114
Cake\Routing\Dispatcher::dispatch() - CORE/src/Routing/Dispatcher.php, line 87
[main] - ROOT/webroot/index.php, line 37



2015-08-02 14:34:10 Notice: Notice (8): Undefined variable: value in [/Users/edster2007/Sites/testBuild/src/Template/Email/text/send_email.ctp, line 16]
Trace:
Cake\Error\BaseErrorHandler::handleError() - CORE/src/Error/BaseErrorHandler.php, line 139
include - APP/Template/Email/text/send_email.ctp, line 16
Cake\View\View::_evaluate() - CORE/src/View/View.php, line 834
Cake\View\View::_render() - CORE/src/View/View.php, line 794
Cake\View\View::render() - CORE/src/View/View.php, line 465
Cake\Network\Email\Email::_renderTemplates() - CORE/src/Network/Email/Email.php, line 1862
Cake\Network\Email\Email::_render() - CORE/src/Network/Email/Email.php, line 1713
Cake\Network\Email\Email::send() - CORE/src/Network/Email/Email.php, line 1303
App\Controller\CustomersController::buildEmails() - APP/Controller/CustomersController.php, line 174
Cake\Controller\Controller::invokeAction() - CORE/src/Controller/Controller.php, line 411
Cake\Routing\Dispatcher::_invoke() - CORE/src/Routing/Dispatcher.php, line 114
Cake\Routing\Dispatcher::dispatch() - CORE/src/Routing/Dispatcher.php, line 87
[main] - ROOT/webroot/index.php, line 37



2015-08-02 14:35:52 Notice: Notice (8): Undefined variable: message in [/Users/edster2007/Sites/testBuild/src/Template/Email/text/send_email.ctp, line 18]
Trace:
Cake\Error\BaseErrorHandler::handleError() - CORE/src/Error/BaseErrorHandler.php, line 139
include - APP/Template/Email/text/send_email.ctp, line 18
Cake\View\View::_evaluate() - CORE/src/View/View.php, line 834
Cake\View\View::_render() - CORE/src/View/View.php, line 794
Cake\View\View::render() - CORE/src/View/View.php, line 465
Cake\Network\Email\Email::_renderTemplates() - CORE/src/Network/Email/Email.php, line 1862
Cake\Network\Email\Email::_render() - CORE/src/Network/Email/Email.php, line 1713
Cake\Network\Email\Email::send() - CORE/src/Network/Email/Email.php, line 1303
App\Controller\CustomersController::buildEmails() - APP/Controller/CustomersController.php, line 174
Cake\Controller\Controller::invokeAction() - CORE/src/Controller/Controller.php, line 411
Cake\Routing\Dispatcher::_invoke() - CORE/src/Routing/Dispatcher.php, line 114
Cake\Routing\Dispatcher::dispatch() - CORE/src/Routing/Dispatcher.php, line 87
[main] - ROOT/webroot/index.php, line 37



2015-08-02 14:37:26 Notice: Notice (8): Undefined variable: message in [/Users/edster2007/Sites/testBuild/src/Template/Email/text/send_email.ctp, line 18]
Trace:
Cake\Error\BaseErrorHandler::handleError() - CORE/src/Error/BaseErrorHandler.php, line 139
include - APP/Template/Email/text/send_email.ctp, line 18
Cake\View\View::_evaluate() - CORE/src/View/View.php, line 834
Cake\View\View::_render() - CORE/src/View/View.php, line 794
Cake\View\View::render() - CORE/src/View/View.php, line 465
Cake\Network\Email\Email::_renderTemplates() - CORE/src/Network/Email/Email.php, line 1862
Cake\Network\Email\Email::_render() - CORE/src/Network/Email/Email.php, line 1713
Cake\Network\Email\Email::send() - CORE/src/Network/Email/Email.php, line 1303
App\Controller\CustomersController::buildEmails() - APP/Controller/CustomersController.php, line 174
Cake\Controller\Controller::invokeAction() - CORE/src/Controller/Controller.php, line 411
Cake\Routing\Dispatcher::_invoke() - CORE/src/Routing/Dispatcher.php, line 114
Cake\Routing\Dispatcher::dispatch() - CORE/src/Routing/Dispatcher.php, line 87
[main] - ROOT/webroot/index.php, line 37



2015-08-02 14:37:32 Notice: Notice (8): Undefined variable: message in [/Users/edster2007/Sites/testBuild/src/Template/Email/text/send_email.ctp, line 18]
Trace:
Cake\Error\BaseErrorHandler::handleError() - CORE/src/Error/BaseErrorHandler.php, line 139
include - APP/Template/Email/text/send_email.ctp, line 18
Cake\View\View::_evaluate() - CORE/src/View/View.php, line 834
Cake\View\View::_render() - CORE/src/View/View.php, line 794
Cake\View\View::render() - CORE/src/View/View.php, line 465
Cake\Network\Email\Email::_renderTemplates() - CORE/src/Network/Email/Email.php, line 1862
Cake\Network\Email\Email::_render() - CORE/src/Network/Email/Email.php, line 1713
Cake\Network\Email\Email::send() - CORE/src/Network/Email/Email.php, line 1303
App\Controller\CustomersController::buildEmails() - APP/Controller/CustomersController.php, line 174
Cake\Controller\Controller::invokeAction() - CORE/src/Controller/Controller.php, line 411
Cake\Routing\Dispatcher::_invoke() - CORE/src/Routing/Dispatcher.php, line 114
Cake\Routing\Dispatcher::dispatch() - CORE/src/Routing/Dispatcher.php, line 87
[main] - ROOT/webroot/index.php, line 37



2015-08-02 14:43:00 Notice: Notice (8): Undefined variable: message in [/Users/edster2007/Sites/testBuild/src/Template/Email/text/send_email.ctp, line 18]
Trace:
Cake\Error\BaseErrorHandler::handleError() - CORE/src/Error/BaseErrorHandler.php, line 139
include - APP/Template/Email/text/send_email.ctp, line 18
Cake\View\View::_evaluate() - CORE/src/View/View.php, line 834
Cake\View\View::_render() - CORE/src/View/View.php, line 794
Cake\View\View::render() - CORE/src/View/View.php, line 465
Cake\Network\Email\Email::_renderTemplates() - CORE/src/Network/Email/Email.php, line 1862
Cake\Network\Email\Email::_render() - CORE/src/Network/Email/Email.php, line 1713
Cake\Network\Email\Email::send() - CORE/src/Network/Email/Email.php, line 1303
App\Controller\CustomersController::buildEmails() - APP/Controller/CustomersController.php, line 174
Cake\Controller\Controller::invokeAction() - CORE/src/Controller/Controller.php, line 411
Cake\Routing\Dispatcher::_invoke() - CORE/src/Routing/Dispatcher.php, line 114
Cake\Routing\Dispatcher::dispatch() - CORE/src/Routing/Dispatcher.php, line 87
[main] - ROOT/webroot/index.php, line 37



2015-08-02 14:44:34 Notice: Notice (8): Undefined variable: message in [/Users/edster2007/Sites/testBuild/src/Template/Email/html/send_email.ctp, line 67]
Trace:
Cake\Error\BaseErrorHandler::handleError() - CORE/src/Error/BaseErrorHandler.php, line 139
include - APP/Template/Email/html/send_email.ctp, line 67
Cake\View\View::_evaluate() - CORE/src/View/View.php, line 834
Cake\View\View::_render() - CORE/src/View/View.php, line 794
Cake\View\View::render() - CORE/src/View/View.php, line 465
Cake\Network\Email\Email::_renderTemplates() - CORE/src/Network/Email/Email.php, line 1862
Cake\Network\Email\Email::_render() - CORE/src/Network/Email/Email.php, line 1713
Cake\Network\Email\Email::send() - CORE/src/Network/Email/Email.php, line 1303
App\Controller\CustomersController::buildEmails() - APP/Controller/CustomersController.php, line 175
Cake\Controller\Controller::invokeAction() - CORE/src/Controller/Controller.php, line 411
Cake\Routing\Dispatcher::_invoke() - CORE/src/Routing/Dispatcher.php, line 114
Cake\Routing\Dispatcher::dispatch() - CORE/src/Routing/Dispatcher.php, line 87
[main] - ROOT/webroot/index.php, line 37



2015-08-02 14:47:18 Notice: Notice (8): Undefined variable: message in [/Users/edster2007/Sites/testBuild/src/Template/Email/html/send_email.ctp, line 67]
Trace:
Cake\Error\BaseErrorHandler::handleError() - CORE/src/Error/BaseErrorHandler.php, line 139
include - APP/Template/Email/html/send_email.ctp, line 67
Cake\View\View::_evaluate() - CORE/src/View/View.php, line 834
Cake\View\View::_render() - CORE/src/View/View.php, line 794
Cake\View\View::render() - CORE/src/View/View.php, line 465
Cake\Network\Email\Email::_renderTemplates() - CORE/src/Network/Email/Email.php, line 1862
Cake\Network\Email\Email::_render() - CORE/src/Network/Email/Email.php, line 1713
Cake\Network\Email\Email::send() - CORE/src/Network/Email/Email.php, line 1303
App\Controller\CustomersController::buildEmails() - APP/Controller/CustomersController.php, line 175
Cake\Controller\Controller::invokeAction() - CORE/src/Controller/Controller.php, line 411
Cake\Routing\Dispatcher::_invoke() - CORE/src/Routing/Dispatcher.php, line 114
Cake\Routing\Dispatcher::dispatch() - CORE/src/Routing/Dispatcher.php, line 87
[main] - ROOT/webroot/index.php, line 37



2015-08-02 14:47:47 Notice: Notice (8): Undefined variable: message in [/Users/edster2007/Sites/testBuild/src/Template/Email/html/send_email.ctp, line 67]
Trace:
Cake\Error\BaseErrorHandler::handleError() - CORE/src/Error/BaseErrorHandler.php, line 139
include - APP/Template/Email/html/send_email.ctp, line 67
Cake\View\View::_evaluate() - CORE/src/View/View.php, line 834
Cake\View\View::_render() - CORE/src/View/View.php, line 794
Cake\View\View::render() - CORE/src/View/View.php, line 465
Cake\Network\Email\Email::_renderTemplates() - CORE/src/Network/Email/Email.php, line 1862
Cake\Network\Email\Email::_render() - CORE/src/Network/Email/Email.php, line 1713
Cake\Network\Email\Email::send() - CORE/src/Network/Email/Email.php, line 1303
App\Controller\CustomersController::buildEmails() - APP/Controller/CustomersController.php, line 175
Cake\Controller\Controller::invokeAction() - CORE/src/Controller/Controller.php, line 411
Cake\Routing\Dispatcher::_invoke() - CORE/src/Routing/Dispatcher.php, line 114
Cake\Routing\Dispatcher::dispatch() - CORE/src/Routing/Dispatcher.php, line 87
[main] - ROOT/webroot/index.php, line 37



2015-08-02 14:50:03 Notice: Notice (8): Undefined variable: message in [/Users/edster2007/Sites/testBuild/src/Template/Email/html/send_email.ctp, line 66]
Trace:
Cake\Error\BaseErrorHandler::handleError() - CORE/src/Error/BaseErrorHandler.php, line 139
include - APP/Template/Email/html/send_email.ctp, line 66
Cake\View\View::_evaluate() - CORE/src/View/View.php, line 834
Cake\View\View::_render() - CORE/src/View/View.php, line 794
Cake\View\View::render() - CORE/src/View/View.php, line 465
Cake\Network\Email\Email::_renderTemplates() - CORE/src/Network/Email/Email.php, line 1862
Cake\Network\Email\Email::_render() - CORE/src/Network/Email/Email.php, line 1713
Cake\Network\Email\Email::send() - CORE/src/Network/Email/Email.php, line 1303
App\Controller\CustomersController::buildEmails() - APP/Controller/CustomersController.php, line 175
Cake\Controller\Controller::invokeAction() - CORE/src/Controller/Controller.php, line 411
Cake\Routing\Dispatcher::_invoke() - CORE/src/Routing/Dispatcher.php, line 114
Cake\Routing\Dispatcher::dispatch() - CORE/src/Routing/Dispatcher.php, line 87
[main] - ROOT/webroot/index.php, line 37



2015-08-03 14:40:12 Notice: Notice (8): Undefined variable: myOrder in [/Users/edster2007/Sites/testBuild/src/Template/Items/view.ctp, line 65]
Trace:
Cake\Error\BaseErrorHandler::handleError() - CORE/src/Error/BaseErrorHandler.php, line 139
include - APP/Template/Items/view.ctp, line 65
Cake\View\View::_evaluate() - CORE/src/View/View.php, line 834
Cake\View\View::_render() - CORE/src/View/View.php, line 794
Cake\View\View::render() - CORE/src/View/View.php, line 465
Cake\Controller\Controller::render() - CORE/src/Controller/Controller.php, line 582
Cake\Routing\Dispatcher::_invoke() - CORE/src/Routing/Dispatcher.php, line 120
Cake\Routing\Dispatcher::dispatch() - CORE/src/Routing/Dispatcher.php, line 87
[main] - ROOT/webroot/index.php, line 37



2015-08-03 14:40:12 Notice: Notice (8): Undefined variable: myOrder in [/Users/edster2007/Sites/testBuild/src/Template/Items/view.ctp, line 65]
Trace:
Cake\Error\BaseErrorHandler::handleError() - CORE/src/Error/BaseErrorHandler.php, line 139
include - APP/Template/Items/view.ctp, line 65
Cake\View\View::_evaluate() - CORE/src/View/View.php, line 834
Cake\View\View::_render() - CORE/src/View/View.php, line 794
Cake\View\View::render() - CORE/src/View/View.php, line 465
Cake\Controller\Controller::render() - CORE/src/Controller/Controller.php, line 582
Cake\Routing\Dispatcher::_invoke() - CORE/src/Routing/Dispatcher.php, line 120
Cake\Routing\Dispatcher::dispatch() - CORE/src/Routing/Dispatcher.php, line 87
[main] - ROOT/webroot/index.php, line 37



2015-08-03 14:40:12 Notice: Notice (8): Undefined variable: myOrder in [/Users/edster2007/Sites/testBuild/src/Template/Items/view.ctp, line 65]
Trace:
Cake\Error\BaseErrorHandler::handleError() - CORE/src/Error/BaseErrorHandler.php, line 139
include - APP/Template/Items/view.ctp, line 65
Cake\View\View::_evaluate() - CORE/src/View/View.php, line 834
Cake\View\View::_render() - CORE/src/View/View.php, line 794
Cake\View\View::render() - CORE/src/View/View.php, line 465
Cake\Controller\Controller::render() - CORE/src/Controller/Controller.php, line 582
Cake\Routing\Dispatcher::_invoke() - CORE/src/Routing/Dispatcher.php, line 120
Cake\Routing\Dispatcher::dispatch() - CORE/src/Routing/Dispatcher.php, line 87
[main] - ROOT/webroot/index.php, line 37



2015-08-03 14:40:34 Notice: Notice (8): Undefined variable: myOrder in [/Users/edster2007/Sites/testBuild/src/Template/Items/view.ctp, line 65]
Trace:
Cake\Error\BaseErrorHandler::handleError() - CORE/src/Error/BaseErrorHandler.php, line 139
include - APP/Template/Items/view.ctp, line 65
Cake\View\View::_evaluate() - CORE/src/View/View.php, line 834
Cake\View\View::_render() - CORE/src/View/View.php, line 794
Cake\View\View::render() - CORE/src/View/View.php, line 465
Cake\Controller\Controller::render() - CORE/src/Controller/Controller.php, line 582
Cake\Routing\Dispatcher::_invoke() - CORE/src/Routing/Dispatcher.php, line 120
Cake\Routing\Dispatcher::dispatch() - CORE/src/Routing/Dispatcher.php, line 87
[main] - ROOT/webroot/index.php, line 37



2015-08-03 14:40:34 Notice: Notice (8): Undefined variable: myOrder in [/Users/edster2007/Sites/testBuild/src/Template/Items/view.ctp, line 65]
Trace:
Cake\Error\BaseErrorHandler::handleError() - CORE/src/Error/BaseErrorHandler.php, line 139
include - APP/Template/Items/view.ctp, line 65
Cake\View\View::_evaluate() - CORE/src/View/View.php, line 834
Cake\View\View::_render() - CORE/src/View/View.php, line 794
Cake\View\View::render() - CORE/src/View/View.php, line 465
Cake\Controller\Controller::render() - CORE/src/Controller/Controller.php, line 582
Cake\Routing\Dispatcher::_invoke() - CORE/src/Routing/Dispatcher.php, line 120
Cake\Routing\Dispatcher::dispatch() - CORE/src/Routing/Dispatcher.php, line 87
[main] - ROOT/webroot/index.php, line 37



2015-08-03 14:40:34 Notice: Notice (8): Undefined variable: myOrder in [/Users/edster2007/Sites/testBuild/src/Template/Items/view.ctp, line 65]
Trace:
Cake\Error\BaseErrorHandler::handleError() - CORE/src/Error/BaseErrorHandler.php, line 139
include - APP/Template/Items/view.ctp, line 65
Cake\View\View::_evaluate() - CORE/src/View/View.php, line 834
Cake\View\View::_render() - CORE/src/View/View.php, line 794
Cake\View\View::render() - CORE/src/View/View.php, line 465
Cake\Controller\Controller::render() - CORE/src/Controller/Controller.php, line 582
Cake\Routing\Dispatcher::_invoke() - CORE/src/Routing/Dispatcher.php, line 120
Cake\Routing\Dispatcher::dispatch() - CORE/src/Routing/Dispatcher.php, line 87
[main] - ROOT/webroot/index.php, line 37



2015-08-03 14:41:41 Notice: Notice (8): Undefined variable: myOrder in [/Users/edster2007/Sites/testBuild/src/Template/Items/view.ctp, line 65]
Trace:
Cake\Error\BaseErrorHandler::handleError() - CORE/src/Error/BaseErrorHandler.php, line 139
include - APP/Template/Items/view.ctp, line 65
Cake\View\View::_evaluate() - CORE/src/View/View.php, line 834
Cake\View\View::_render() - CORE/src/View/View.php, line 794
Cake\View\View::render() - CORE/src/View/View.php, line 465
Cake\Controller\Controller::render() - CORE/src/Controller/Controller.php, line 582
Cake\Routing\Dispatcher::_invoke() - CORE/src/Routing/Dispatcher.php, line 120
Cake\Routing\Dispatcher::dispatch() - CORE/src/Routing/Dispatcher.php, line 87
[main] - ROOT/webroot/index.php, line 37



2015-08-03 14:41:41 Notice: Notice (8): Undefined variable: myOrder in [/Users/edster2007/Sites/testBuild/src/Template/Items/view.ctp, line 65]
Trace:
Cake\Error\BaseErrorHandler::handleError() - CORE/src/Error/BaseErrorHandler.php, line 139
include - APP/Template/Items/view.ctp, line 65
Cake\View\View::_evaluate() - CORE/src/View/View.php, line 834
Cake\View\View::_render() - CORE/src/View/View.php, line 794
Cake\View\View::render() - CORE/src/View/View.php, line 465
Cake\Controller\Controller::render() - CORE/src/Controller/Controller.php, line 582
Cake\Routing\Dispatcher::_invoke() - CORE/src/Routing/Dispatcher.php, line 120
Cake\Routing\Dispatcher::dispatch() - CORE/src/Routing/Dispatcher.php, line 87
[main] - ROOT/webroot/index.php, line 37



2015-08-03 14:41:41 Notice: Notice (8): Undefined variable: myOrder in [/Users/edster2007/Sites/testBuild/src/Template/Items/view.ctp, line 65]
Trace:
Cake\Error\BaseErrorHandler::handleError() - CORE/src/Error/BaseErrorHandler.php, line 139
include - APP/Template/Items/view.ctp, line 65
Cake\View\View::_evaluate() - CORE/src/View/View.php, line 834
Cake\View\View::_render() - CORE/src/View/View.php, line 794
Cake\View\View::render() - CORE/src/View/View.php, line 465
Cake\Controller\Controller::render() - CORE/src/Controller/Controller.php, line 582
Cake\Routing\Dispatcher::_invoke() - CORE/src/Routing/Dispatcher.php, line 120
Cake\Routing\Dispatcher::dispatch() - CORE/src/Routing/Dispatcher.php, line 87
[main] - ROOT/webroot/index.php, line 37



2015-08-03 14:42:27 Notice: Notice (8): Undefined variable: myOrder in [/Users/edster2007/Sites/testBuild/src/Template/Items/view.ctp, line 65]
Trace:
Cake\Error\BaseErrorHandler::handleError() - CORE/src/Error/BaseErrorHandler.php, line 139
include - APP/Template/Items/view.ctp, line 65
Cake\View\View::_evaluate() - CORE/src/View/View.php, line 834
Cake\View\View::_render() - CORE/src/View/View.php, line 794
Cake\View\View::render() - CORE/src/View/View.php, line 465
Cake\Controller\Controller::render() - CORE/src/Controller/Controller.php, line 582
Cake\Routing\Dispatcher::_invoke() - CORE/src/Routing/Dispatcher.php, line 120
Cake\Routing\Dispatcher::dispatch() - CORE/src/Routing/Dispatcher.php, line 87
[main] - ROOT/webroot/index.php, line 37



2015-08-03 14:42:27 Notice: Notice (8): Undefined variable: myOrder in [/Users/edster2007/Sites/testBuild/src/Template/Items/view.ctp, line 65]
Trace:
Cake\Error\BaseErrorHandler::handleError() - CORE/src/Error/BaseErrorHandler.php, line 139
include - APP/Template/Items/view.ctp, line 65
Cake\View\View::_evaluate() - CORE/src/View/View.php, line 834
Cake\View\View::_render() - CORE/src/View/View.php, line 794
Cake\View\View::render() - CORE/src/View/View.php, line 465
Cake\Controller\Controller::render() - CORE/src/Controller/Controller.php, line 582
Cake\Routing\Dispatcher::_invoke() - CORE/src/Routing/Dispatcher.php, line 120
Cake\Routing\Dispatcher::dispatch() - CORE/src/Routing/Dispatcher.php, line 87
[main] - ROOT/webroot/index.php, line 37



2015-08-03 14:42:27 Notice: Notice (8): Undefined variable: myOrder in [/Users/edster2007/Sites/testBuild/src/Template/Items/view.ctp, line 65]
Trace:
Cake\Error\BaseErrorHandler::handleError() - CORE/src/Error/BaseErrorHandler.php, line 139
include - APP/Template/Items/view.ctp, line 65
Cake\View\View::_evaluate() - CORE/src/View/View.php, line 834
Cake\View\View::_render() - CORE/src/View/View.php, line 794
Cake\View\View::render() - CORE/src/View/View.php, line 465
Cake\Controller\Controller::render() - CORE/src/Controller/Controller.php, line 582
Cake\Routing\Dispatcher::_invoke() - CORE/src/Routing/Dispatcher.php, line 120
Cake\Routing\Dispatcher::dispatch() - CORE/src/Routing/Dispatcher.php, line 87
[main] - ROOT/webroot/index.php, line 37



2015-08-03 14:42:58 Notice: Notice (8): Trying to get property of non-object in [/Users/edster2007/Sites/testBuild/src/Controller/ItemsController.php, line 42]
Trace:
Cake\Error\BaseErrorHandler::handleError() - CORE/src/Error/BaseErrorHandler.php, line 139
App\Controller\ItemsController::view() - APP/Controller/ItemsController.php, line 42
Cake\Controller\Controller::invokeAction() - CORE/src/Controller/Controller.php, line 411
Cake\Routing\Dispatcher::_invoke() - CORE/src/Routing/Dispatcher.php, line 114
Cake\Routing\Dispatcher::dispatch() - CORE/src/Routing/Dispatcher.php, line 87
[main] - ROOT/webroot/index.php, line 37



2015-08-03 14:42:58 Notice: Notice (8): Undefined variable: myOrder in [/Users/edster2007/Sites/testBuild/src/Template/Items/view.ctp, line 65]
Trace:
Cake\Error\BaseErrorHandler::handleError() - CORE/src/Error/BaseErrorHandler.php, line 139
include - APP/Template/Items/view.ctp, line 65
Cake\View\View::_evaluate() - CORE/src/View/View.php, line 834
Cake\View\View::_render() - CORE/src/View/View.php, line 794
Cake\View\View::render() - CORE/src/View/View.php, line 465
Cake\Controller\Controller::render() - CORE/src/Controller/Controller.php, line 582
Cake\Routing\Dispatcher::_invoke() - CORE/src/Routing/Dispatcher.php, line 120
Cake\Routing\Dispatcher::dispatch() - CORE/src/Routing/Dispatcher.php, line 87
[main] - ROOT/webroot/index.php, line 37



2015-08-03 14:42:58 Notice: Notice (8): Undefined variable: myOrder in [/Users/edster2007/Sites/testBuild/src/Template/Items/view.ctp, line 65]
Trace:
Cake\Error\BaseErrorHandler::handleError() - CORE/src/Error/BaseErrorHandler.php, line 139
include - APP/Template/Items/view.ctp, line 65
Cake\View\View::_evaluate() - CORE/src/View/View.php, line 834
Cake\View\View::_render() - CORE/src/View/View.php, line 794
Cake\View\View::render() - CORE/src/View/View.php, line 465
Cake\Controller\Controller::render() - CORE/src/Controller/Controller.php, line 582
Cake\Routing\Dispatcher::_invoke() - CORE/src/Routing/Dispatcher.php, line 120
Cake\Routing\Dispatcher::dispatch() - CORE/src/Routing/Dispatcher.php, line 87
[main] - ROOT/webroot/index.php, line 37



2015-08-03 14:42:58 Notice: Notice (8): Undefined variable: myOrder in [/Users/edster2007/Sites/testBuild/src/Template/Items/view.ctp, line 65]
Trace:
Cake\Error\BaseErrorHandler::handleError() - CORE/src/Error/BaseErrorHandler.php, line 139
include - APP/Template/Items/view.ctp, line 65
Cake\View\View::_evaluate() - CORE/src/View/View.php, line 834
Cake\View\View::_render() - CORE/src/View/View.php, line 794
Cake\View\View::render() - CORE/src/View/View.php, line 465
Cake\Controller\Controller::render() - CORE/src/Controller/Controller.php, line 582
Cake\Routing\Dispatcher::_invoke() - CORE/src/Routing/Dispatcher.php, line 120
Cake\Routing\Dispatcher::dispatch() - CORE/src/Routing/Dispatcher.php, line 87
[main] - ROOT/webroot/index.php, line 37



2015-08-03 14:43:08 Notice: Notice (8): Undefined variable: myOrder in [/Users/edster2007/Sites/testBuild/src/Template/Items/view.ctp, line 65]
Trace:
Cake\Error\BaseErrorHandler::handleError() - CORE/src/Error/BaseErrorHandler.php, line 139
include - APP/Template/Items/view.ctp, line 65
Cake\View\View::_evaluate() - CORE/src/View/View.php, line 834
Cake\View\View::_render() - CORE/src/View/View.php, line 794
Cake\View\View::render() - CORE/src/View/View.php, line 465
Cake\Controller\Controller::render() - CORE/src/Controller/Controller.php, line 582
Cake\Routing\Dispatcher::_invoke() - CORE/src/Routing/Dispatcher.php, line 120
Cake\Routing\Dispatcher::dispatch() - CORE/src/Routing/Dispatcher.php, line 87
[main] - ROOT/webroot/index.php, line 37



2015-08-03 14:43:08 Notice: Notice (8): Undefined variable: myOrder in [/Users/edster2007/Sites/testBuild/src/Template/Items/view.ctp, line 65]
Trace:
Cake\Error\BaseErrorHandler::handleError() - CORE/src/Error/BaseErrorHandler.php, line 139
include - APP/Template/Items/view.ctp, line 65
Cake\View\View::_evaluate() - CORE/src/View/View.php, line 834
Cake\View\View::_render() - CORE/src/View/View.php, line 794
Cake\View\View::render() - CORE/src/View/View.php, line 465
Cake\Controller\Controller::render() - CORE/src/Controller/Controller.php, line 582
Cake\Routing\Dispatcher::_invoke() - CORE/src/Routing/Dispatcher.php, line 120
Cake\Routing\Dispatcher::dispatch() - CORE/src/Routing/Dispatcher.php, line 87
[main] - ROOT/webroot/index.php, line 37



2015-08-03 14:43:08 Notice: Notice (8): Undefined variable: myOrder in [/Users/edster2007/Sites/testBuild/src/Template/Items/view.ctp, line 65]
Trace:
Cake\Error\BaseErrorHandler::handleError() - CORE/src/Error/BaseErrorHandler.php, line 139
include - APP/Template/Items/view.ctp, line 65
Cake\View\View::_evaluate() - CORE/src/View/View.php, line 834
Cake\View\View::_render() - CORE/src/View/View.php, line 794
Cake\View\View::render() - CORE/src/View/View.php, line 465
Cake\Controller\Controller::render() - CORE/src/Controller/Controller.php, line 582
Cake\Routing\Dispatcher::_invoke() - CORE/src/Routing/Dispatcher.php, line 120
Cake\Routing\Dispatcher::dispatch() - CORE/src/Routing/Dispatcher.php, line 87
[main] - ROOT/webroot/index.php, line 37



2015-08-03 14:43:31 Notice: Notice (8): Trying to get property of non-object in [/Users/edster2007/Sites/testBuild/src/Controller/ItemsController.php, line 42]
Trace:
Cake\Error\BaseErrorHandler::handleError() - CORE/src/Error/BaseErrorHandler.php, line 139
App\Controller\ItemsController::view() - APP/Controller/ItemsController.php, line 42
Cake\Controller\Controller::invokeAction() - CORE/src/Controller/Controller.php, line 411
Cake\Routing\Dispatcher::_invoke() - CORE/src/Routing/Dispatcher.php, line 114
Cake\Routing\Dispatcher::dispatch() - CORE/src/Routing/Dispatcher.php, line 87
[main] - ROOT/webroot/index.php, line 37



2015-08-03 14:43:31 Notice: Notice (8): Undefined variable: myOrder in [/Users/edster2007/Sites/testBuild/src/Template/Items/view.ctp, line 65]
Trace:
Cake\Error\BaseErrorHandler::handleError() - CORE/src/Error/BaseErrorHandler.php, line 139
include - APP/Template/Items/view.ctp, line 65
Cake\View\View::_evaluate() - CORE/src/View/View.php, line 834
Cake\View\View::_render() - CORE/src/View/View.php, line 794
Cake\View\View::render() - CORE/src/View/View.php, line 465
Cake\Controller\Controller::render() - CORE/src/Controller/Controller.php, line 582
Cake\Routing\Dispatcher::_invoke() - CORE/src/Routing/Dispatcher.php, line 120
Cake\Routing\Dispatcher::dispatch() - CORE/src/Routing/Dispatcher.php, line 87
[main] - ROOT/webroot/index.php, line 37



2015-08-03 14:43:31 Notice: Notice (8): Undefined variable: myOrder in [/Users/edster2007/Sites/testBuild/src/Template/Items/view.ctp, line 65]
Trace:
Cake\Error\BaseErrorHandler::handleError() - CORE/src/Error/BaseErrorHandler.php, line 139
include - APP/Template/Items/view.ctp, line 65
Cake\View\View::_evaluate() - CORE/src/View/View.php, line 834
Cake\View\View::_render() - CORE/src/View/View.php, line 794
Cake\View\View::render() - CORE/src/View/View.php, line 465
Cake\Controller\Controller::render() - CORE/src/Controller/Controller.php, line 582
Cake\Routing\Dispatcher::_invoke() - CORE/src/Routing/Dispatcher.php, line 120
Cake\Routing\Dispatcher::dispatch() - CORE/src/Routing/Dispatcher.php, line 87
[main] - ROOT/webroot/index.php, line 37



2015-08-03 14:43:31 Notice: Notice (8): Undefined variable: myOrder in [/Users/edster2007/Sites/testBuild/src/Template/Items/view.ctp, line 65]
Trace:
Cake\Error\BaseErrorHandler::handleError() - CORE/src/Error/BaseErrorHandler.php, line 139
include - APP/Template/Items/view.ctp, line 65
Cake\View\View::_evaluate() - CORE/src/View/View.php, line 834
Cake\View\View::_render() - CORE/src/View/View.php, line 794
Cake\View\View::render() - CORE/src/View/View.php, line 465
Cake\Controller\Controller::render() - CORE/src/Controller/Controller.php, line 582
Cake\Routing\Dispatcher::_invoke() - CORE/src/Routing/Dispatcher.php, line 120
Cake\Routing\Dispatcher::dispatch() - CORE/src/Routing/Dispatcher.php, line 87
[main] - ROOT/webroot/index.php, line 37



2015-08-03 14:44:08 Notice: Notice (8): Trying to get property of non-object in [/Users/edster2007/Sites/testBuild/src/Controller/ItemsController.php, line 42]
Trace:
Cake\Error\BaseErrorHandler::handleError() - CORE/src/Error/BaseErrorHandler.php, line 139
App\Controller\ItemsController::view() - APP/Controller/ItemsController.php, line 42
Cake\Controller\Controller::invokeAction() - CORE/src/Controller/Controller.php, line 411
Cake\Routing\Dispatcher::_invoke() - CORE/src/Routing/Dispatcher.php, line 114
Cake\Routing\Dispatcher::dispatch() - CORE/src/Routing/Dispatcher.php, line 87
[main] - ROOT/webroot/index.php, line 37



2015-08-03 14:44:08 Notice: Notice (8): Undefined variable: myOrder in [/Users/edster2007/Sites/testBuild/src/Template/Items/view.ctp, line 65]
Trace:
Cake\Error\BaseErrorHandler::handleError() - CORE/src/Error/BaseErrorHandler.php, line 139
include - APP/Template/Items/view.ctp, line 65
Cake\View\View::_evaluate() - CORE/src/View/View.php, line 834
Cake\View\View::_render() - CORE/src/View/View.php, line 794
Cake\View\View::render() - CORE/src/View/View.php, line 465
Cake\Controller\Controller::render() - CORE/src/Controller/Controller.php, line 582
Cake\Routing\Dispatcher::_invoke() - CORE/src/Routing/Dispatcher.php, line 120
Cake\Routing\Dispatcher::dispatch() - CORE/src/Routing/Dispatcher.php, line 87
[main] - ROOT/webroot/index.php, line 37



2015-08-03 14:44:08 Notice: Notice (8): Undefined variable: myOrder in [/Users/edster2007/Sites/testBuild/src/Template/Items/view.ctp, line 65]
Trace:
Cake\Error\BaseErrorHandler::handleError() - CORE/src/Error/BaseErrorHandler.php, line 139
include - APP/Template/Items/view.ctp, line 65
Cake\View\View::_evaluate() - CORE/src/View/View.php, line 834
Cake\View\View::_render() - CORE/src/View/View.php, line 794
Cake\View\View::render() - CORE/src/View/View.php, line 465
Cake\Controller\Controller::render() - CORE/src/Controller/Controller.php, line 582
Cake\Routing\Dispatcher::_invoke() - CORE/src/Routing/Dispatcher.php, line 120
Cake\Routing\Dispatcher::dispatch() - CORE/src/Routing/Dispatcher.php, line 87
[main] - ROOT/webroot/index.php, line 37



2015-08-03 14:44:08 Notice: Notice (8): Undefined variable: myOrder in [/Users/edster2007/Sites/testBuild/src/Template/Items/view.ctp, line 65]
Trace:
Cake\Error\BaseErrorHandler::handleError() - CORE/src/Error/BaseErrorHandler.php, line 139
include - APP/Template/Items/view.ctp, line 65
Cake\View\View::_evaluate() - CORE/src/View/View.php, line 834
Cake\View\View::_render() - CORE/src/View/View.php, line 794
Cake\View\View::render() - CORE/src/View/View.php, line 465
Cake\Controller\Controller::render() - CORE/src/Controller/Controller.php, line 582
Cake\Routing\Dispatcher::_invoke() - CORE/src/Routing/Dispatcher.php, line 120
Cake\Routing\Dispatcher::dispatch() - CORE/src/Routing/Dispatcher.php, line 87
[main] - ROOT/webroot/index.php, line 37



2015-08-03 14:44:21 Notice: Notice (8): Undefined variable: myOrder in [/Users/edster2007/Sites/testBuild/src/Template/Items/view.ctp, line 65]
Trace:
Cake\Error\BaseErrorHandler::handleError() - CORE/src/Error/BaseErrorHandler.php, line 139
include - APP/Template/Items/view.ctp, line 65
Cake\View\View::_evaluate() - CORE/src/View/View.php, line 834
Cake\View\View::_render() - CORE/src/View/View.php, line 794
Cake\View\View::render() - CORE/src/View/View.php, line 465
Cake\Controller\Controller::render() - CORE/src/Controller/Controller.php, line 582
Cake\Routing\Dispatcher::_invoke() - CORE/src/Routing/Dispatcher.php, line 120
Cake\Routing\Dispatcher::dispatch() - CORE/src/Routing/Dispatcher.php, line 87
[main] - ROOT/webroot/index.php, line 37



2015-08-03 14:44:21 Notice: Notice (8): Undefined variable: myOrder in [/Users/edster2007/Sites/testBuild/src/Template/Items/view.ctp, line 65]
Trace:
Cake\Error\BaseErrorHandler::handleError() - CORE/src/Error/BaseErrorHandler.php, line 139
include - APP/Template/Items/view.ctp, line 65
Cake\View\View::_evaluate() - CORE/src/View/View.php, line 834
Cake\View\View::_render() - CORE/src/View/View.php, line 794
Cake\View\View::render() - CORE/src/View/View.php, line 465
Cake\Controller\Controller::render() - CORE/src/Controller/Controller.php, line 582
Cake\Routing\Dispatcher::_invoke() - CORE/src/Routing/Dispatcher.php, line 120
Cake\Routing\Dispatcher::dispatch() - CORE/src/Routing/Dispatcher.php, line 87
[main] - ROOT/webroot/index.php, line 37



2015-08-03 14:44:21 Notice: Notice (8): Undefined variable: myOrder in [/Users/edster2007/Sites/testBuild/src/Template/Items/view.ctp, line 65]
Trace:
Cake\Error\BaseErrorHandler::handleError() - CORE/src/Error/BaseErrorHandler.php, line 139
include - APP/Template/Items/view.ctp, line 65
Cake\View\View::_evaluate() - CORE/src/View/View.php, line 834
Cake\View\View::_render() - CORE/src/View/View.php, line 794
Cake\View\View::render() - CORE/src/View/View.php, line 465
Cake\Controller\Controller::render() - CORE/src/Controller/Controller.php, line 582
Cake\Routing\Dispatcher::_invoke() - CORE/src/Routing/Dispatcher.php, line 120
Cake\Routing\Dispatcher::dispatch() - CORE/src/Routing/Dispatcher.php, line 87
[main] - ROOT/webroot/index.php, line 37



2015-08-03 14:45:28 Notice: Notice (8): Undefined variable: myOrder in [/Users/edster2007/Sites/testBuild/src/Template/Items/view.ctp, line 65]
Trace:
Cake\Error\BaseErrorHandler::handleError() - CORE/src/Error/BaseErrorHandler.php, line 139
include - APP/Template/Items/view.ctp, line 65
Cake\View\View::_evaluate() - CORE/src/View/View.php, line 834
Cake\View\View::_render() - CORE/src/View/View.php, line 794
Cake\View\View::render() - CORE/src/View/View.php, line 465
Cake\Controller\Controller::render() - CORE/src/Controller/Controller.php, line 582
Cake\Routing\Dispatcher::_invoke() - CORE/src/Routing/Dispatcher.php, line 120
Cake\Routing\Dispatcher::dispatch() - CORE/src/Routing/Dispatcher.php, line 87
[main] - ROOT/webroot/index.php, line 37



2015-08-03 14:45:28 Notice: Notice (8): Undefined variable: myOrder in [/Users/edster2007/Sites/testBuild/src/Template/Items/view.ctp, line 65]
Trace:
Cake\Error\BaseErrorHandler::handleError() - CORE/src/Error/BaseErrorHandler.php, line 139
include - APP/Template/Items/view.ctp, line 65
Cake\View\View::_evaluate() - CORE/src/View/View.php, line 834
Cake\View\View::_render() - CORE/src/View/View.php, line 794
Cake\View\View::render() - CORE/src/View/View.php, line 465
Cake\Controller\Controller::render() - CORE/src/Controller/Controller.php, line 582
Cake\Routing\Dispatcher::_invoke() - CORE/src/Routing/Dispatcher.php, line 120
Cake\Routing\Dispatcher::dispatch() - CORE/src/Routing/Dispatcher.php, line 87
[main] - ROOT/webroot/index.php, line 37



2015-08-03 14:45:28 Notice: Notice (8): Undefined variable: myOrder in [/Users/edster2007/Sites/testBuild/src/Template/Items/view.ctp, line 65]
Trace:
Cake\Error\BaseErrorHandler::handleError() - CORE/src/Error/BaseErrorHandler.php, line 139
include - APP/Template/Items/view.ctp, line 65
Cake\View\View::_evaluate() - CORE/src/View/View.php, line 834
Cake\View\View::_render() - CORE/src/View/View.php, line 794
Cake\View\View::render() - CORE/src/View/View.php, line 465
Cake\Controller\Controller::render() - CORE/src/Controller/Controller.php, line 582
Cake\Routing\Dispatcher::_invoke() - CORE/src/Routing/Dispatcher.php, line 120
Cake\Routing\Dispatcher::dispatch() - CORE/src/Routing/Dispatcher.php, line 87
[main] - ROOT/webroot/index.php, line 37



2015-08-03 14:45:44 Notice: Notice (8): Undefined variable: myOrder in [/Users/edster2007/Sites/testBuild/src/Template/Items/view.ctp, line 65]
Trace:
Cake\Error\BaseErrorHandler::handleError() - CORE/src/Error/BaseErrorHandler.php, line 139
include - APP/Template/Items/view.ctp, line 65
Cake\View\View::_evaluate() - CORE/src/View/View.php, line 834
Cake\View\View::_render() - CORE/src/View/View.php, line 794
Cake\View\View::render() - CORE/src/View/View.php, line 465
Cake\Controller\Controller::render() - CORE/src/Controller/Controller.php, line 582
Cake\Routing\Dispatcher::_invoke() - CORE/src/Routing/Dispatcher.php, line 120
Cake\Routing\Dispatcher::dispatch() - CORE/src/Routing/Dispatcher.php, line 87
[main] - ROOT/webroot/index.php, line 37



2015-08-03 14:45:44 Notice: Notice (8): Undefined variable: myOrder in [/Users/edster2007/Sites/testBuild/src/Template/Items/view.ctp, line 65]
Trace:
Cake\Error\BaseErrorHandler::handleError() - CORE/src/Error/BaseErrorHandler.php, line 139
include - APP/Template/Items/view.ctp, line 65
Cake\View\View::_evaluate() - CORE/src/View/View.php, line 834
Cake\View\View::_render() - CORE/src/View/View.php, line 794
Cake\View\View::render() - CORE/src/View/View.php, line 465
Cake\Controller\Controller::render() - CORE/src/Controller/Controller.php, line 582
Cake\Routing\Dispatcher::_invoke() - CORE/src/Routing/Dispatcher.php, line 120
Cake\Routing\Dispatcher::dispatch() - CORE/src/Routing/Dispatcher.php, line 87
[main] - ROOT/webroot/index.php, line 37



2015-08-03 14:45:44 Notice: Notice (8): Undefined variable: myOrder in [/Users/edster2007/Sites/testBuild/src/Template/Items/view.ctp, line 65]
Trace:
Cake\Error\BaseErrorHandler::handleError() - CORE/src/Error/BaseErrorHandler.php, line 139
include - APP/Template/Items/view.ctp, line 65
Cake\View\View::_evaluate() - CORE/src/View/View.php, line 834
Cake\View\View::_render() - CORE/src/View/View.php, line 794
Cake\View\View::render() - CORE/src/View/View.php, line 465
Cake\Controller\Controller::render() - CORE/src/Controller/Controller.php, line 582
Cake\Routing\Dispatcher::_invoke() - CORE/src/Routing/Dispatcher.php, line 120
Cake\Routing\Dispatcher::dispatch() - CORE/src/Routing/Dispatcher.php, line 87
[main] - ROOT/webroot/index.php, line 37



2015-08-03 14:48:40 Notice: Notice (8): Undefined variable: myOrder in [/Users/edster2007/Sites/testBuild/src/Template/Items/view.ctp, line 65]
Trace:
Cake\Error\BaseErrorHandler::handleError() - CORE/src/Error/BaseErrorHandler.php, line 139
include - APP/Template/Items/view.ctp, line 65
Cake\View\View::_evaluate() - CORE/src/View/View.php, line 834
Cake\View\View::_render() - CORE/src/View/View.php, line 794
Cake\View\View::render() - CORE/src/View/View.php, line 465
Cake\Controller\Controller::render() - CORE/src/Controller/Controller.php, line 582
Cake\Routing\Dispatcher::_invoke() - CORE/src/Routing/Dispatcher.php, line 120
Cake\Routing\Dispatcher::dispatch() - CORE/src/Routing/Dispatcher.php, line 87
[main] - ROOT/webroot/index.php, line 37



2015-08-03 14:48:40 Notice: Notice (8): Undefined variable: myOrder in [/Users/edster2007/Sites/testBuild/src/Template/Items/view.ctp, line 65]
Trace:
Cake\Error\BaseErrorHandler::handleError() - CORE/src/Error/BaseErrorHandler.php, line 139
include - APP/Template/Items/view.ctp, line 65
Cake\View\View::_evaluate() - CORE/src/View/View.php, line 834
Cake\View\View::_render() - CORE/src/View/View.php, line 794
Cake\View\View::render() - CORE/src/View/View.php, line 465
Cake\Controller\Controller::render() - CORE/src/Controller/Controller.php, line 582
Cake\Routing\Dispatcher::_invoke() - CORE/src/Routing/Dispatcher.php, line 120
Cake\Routing\Dispatcher::dispatch() - CORE/src/Routing/Dispatcher.php, line 87
[main] - ROOT/webroot/index.php, line 37



2015-08-03 14:48:40 Notice: Notice (8): Undefined variable: myOrder in [/Users/edster2007/Sites/testBuild/src/Template/Items/view.ctp, line 65]
Trace:
Cake\Error\BaseErrorHandler::handleError() - CORE/src/Error/BaseErrorHandler.php, line 139
include - APP/Template/Items/view.ctp, line 65
Cake\View\View::_evaluate() - CORE/src/View/View.php, line 834
Cake\View\View::_render() - CORE/src/View/View.php, line 794
Cake\View\View::render() - CORE/src/View/View.php, line 465
Cake\Controller\Controller::render() - CORE/src/Controller/Controller.php, line 582
Cake\Routing\Dispatcher::_invoke() - CORE/src/Routing/Dispatcher.php, line 120
Cake\Routing\Dispatcher::dispatch() - CORE/src/Routing/Dispatcher.php, line 87
[main] - ROOT/webroot/index.php, line 37



2015-08-03 14:52:34 Notice: Notice (8): Undefined variable: myOrder in [/Users/edster2007/Sites/testBuild/src/Template/Items/view.ctp, line 65]
Trace:
Cake\Error\BaseErrorHandler::handleError() - CORE/src/Error/BaseErrorHandler.php, line 139
include - APP/Template/Items/view.ctp, line 65
Cake\View\View::_evaluate() - CORE/src/View/View.php, line 834
Cake\View\View::_render() - CORE/src/View/View.php, line 794
Cake\View\View::render() - CORE/src/View/View.php, line 465
Cake\Controller\Controller::render() - CORE/src/Controller/Controller.php, line 582
Cake\Routing\Dispatcher::_invoke() - CORE/src/Routing/Dispatcher.php, line 120
Cake\Routing\Dispatcher::dispatch() - CORE/src/Routing/Dispatcher.php, line 87
[main] - ROOT/webroot/index.php, line 37



2015-08-03 14:52:34 Notice: Notice (8): Undefined variable: myOrder in [/Users/edster2007/Sites/testBuild/src/Template/Items/view.ctp, line 65]
Trace:
Cake\Error\BaseErrorHandler::handleError() - CORE/src/Error/BaseErrorHandler.php, line 139
include - APP/Template/Items/view.ctp, line 65
Cake\View\View::_evaluate() - CORE/src/View/View.php, line 834
Cake\View\View::_render() - CORE/src/View/View.php, line 794
Cake\View\View::render() - CORE/src/View/View.php, line 465
Cake\Controller\Controller::render() - CORE/src/Controller/Controller.php, line 582
Cake\Routing\Dispatcher::_invoke() - CORE/src/Routing/Dispatcher.php, line 120
Cake\Routing\Dispatcher::dispatch() - CORE/src/Routing/Dispatcher.php, line 87
[main] - ROOT/webroot/index.php, line 37



2015-08-03 14:52:34 Notice: Notice (8): Undefined variable: myOrder in [/Users/edster2007/Sites/testBuild/src/Template/Items/view.ctp, line 65]
Trace:
Cake\Error\BaseErrorHandler::handleError() - CORE/src/Error/BaseErrorHandler.php, line 139
include - APP/Template/Items/view.ctp, line 65
Cake\View\View::_evaluate() - CORE/src/View/View.php, line 834
Cake\View\View::_render() - CORE/src/View/View.php, line 794
Cake\View\View::render() - CORE/src/View/View.php, line 465
Cake\Controller\Controller::render() - CORE/src/Controller/Controller.php, line 582
Cake\Routing\Dispatcher::_invoke() - CORE/src/Routing/Dispatcher.php, line 120
Cake\Routing\Dispatcher::dispatch() - CORE/src/Routing/Dispatcher.php, line 87
[main] - ROOT/webroot/index.php, line 37



2015-08-03 14:52:36 Notice: Notice (8): Undefined variable: myOrder in [/Users/edster2007/Sites/testBuild/src/Template/Items/view.ctp, line 65]
Trace:
Cake\Error\BaseErrorHandler::handleError() - CORE/src/Error/BaseErrorHandler.php, line 139
include - APP/Template/Items/view.ctp, line 65
Cake\View\View::_evaluate() - CORE/src/View/View.php, line 834
Cake\View\View::_render() - CORE/src/View/View.php, line 794
Cake\View\View::render() - CORE/src/View/View.php, line 465
Cake\Controller\Controller::render() - CORE/src/Controller/Controller.php, line 582
Cake\Routing\Dispatcher::_invoke() - CORE/src/Routing/Dispatcher.php, line 120
Cake\Routing\Dispatcher::dispatch() - CORE/src/Routing/Dispatcher.php, line 87
[main] - ROOT/webroot/index.php, line 37



2015-08-03 14:52:36 Notice: Notice (8): Undefined variable: myOrder in [/Users/edster2007/Sites/testBuild/src/Template/Items/view.ctp, line 65]
Trace:
Cake\Error\BaseErrorHandler::handleError() - CORE/src/Error/BaseErrorHandler.php, line 139
include - APP/Template/Items/view.ctp, line 65
Cake\View\View::_evaluate() - CORE/src/View/View.php, line 834
Cake\View\View::_render() - CORE/src/View/View.php, line 794
Cake\View\View::render() - CORE/src/View/View.php, line 465
Cake\Controller\Controller::render() - CORE/src/Controller/Controller.php, line 582
Cake\Routing\Dispatcher::_invoke() - CORE/src/Routing/Dispatcher.php, line 120
Cake\Routing\Dispatcher::dispatch() - CORE/src/Routing/Dispatcher.php, line 87
[main] - ROOT/webroot/index.php, line 37



2015-08-03 14:52:36 Notice: Notice (8): Undefined variable: myOrder in [/Users/edster2007/Sites/testBuild/src/Template/Items/view.ctp, line 65]
Trace:
Cake\Error\BaseErrorHandler::handleError() - CORE/src/Error/BaseErrorHandler.php, line 139
include - APP/Template/Items/view.ctp, line 65
Cake\View\View::_evaluate() - CORE/src/View/View.php, line 834
Cake\View\View::_render() - CORE/src/View/View.php, line 794
Cake\View\View::render() - CORE/src/View/View.php, line 465
Cake\Controller\Controller::render() - CORE/src/Controller/Controller.php, line 582
Cake\Routing\Dispatcher::_invoke() - CORE/src/Routing/Dispatcher.php, line 120
Cake\Routing\Dispatcher::dispatch() - CORE/src/Routing/Dispatcher.php, line 87
[main] - ROOT/webroot/index.php, line 37



