2015-03-25 17:28:33 Error: [Cake\Routing\Exception\MissingControllerException] Controller class Janet could not be found.
Exception Attributes: array (
  'class' => 'Janet',
  'plugin' => NULL,
  'prefix' => NULL,
  '_ext' => NULL,
)
Request URL: /janet/CakePHP/Janet/CakePHP/
Stack Trace:
#0 D:\websites\ie\janet\CakePHP\webroot\index.php(37): Cake\Routing\Dispatcher->dispatch(Object(Cake\Network\Request), Object(Cake\Network\Response))
#1 {main}


2015-04-03 04:22:32 Error: [Cake\Routing\Exception\MissingControllerException] Controller class Team18 could not be found.
Exception Attributes: array (
  'class' => 'Team18',
  'plugin' => NULL,
  'prefix' => NULL,
  '_ext' => NULL,
)
Request URL: /team18/CakePHP/team18/cakePHP/
Stack Trace:
#0 D:\websites\ie\team18\CakePHP\webroot\index.php(37): Cake\Routing\Dispatcher->dispatch(Object(Cake\Network\Request), Object(Cake\Network\Response))
#1 {main}


2015-04-03 04:23:04 Error: [Cake\Routing\Exception\MissingControllerException] Controller class Team18 could not be found.
Exception Attributes: array (
  'class' => 'Team18',
  'plugin' => NULL,
  'prefix' => NULL,
  '_ext' => NULL,
)
Request URL: /team18/CakePHP/team18/cakePHP/
Stack Trace:
#0 D:\websites\ie\team18\CakePHP\webroot\index.php(37): Cake\Routing\Dispatcher->dispatch(Object(Cake\Network\Request), Object(Cake\Network\Response))
#1 {main}


2015-04-10 02:35:38 Error: [PDOException] SQLSTATE[28000] [1045] Access denied for user 'IEMySQL18'@'localhost' (using password: YES)
Request URL: /CakePHP/bookmarks/add
Stack Trace:
#0 /Users/edster2007/Sites/CakePHP/vendor/cakephp/cakephp/src/Database/Driver/PDODriverTrait.php(48): PDO->__construct('mysql:host=loca...', 'IEMySQL18', 'vi5zo7hie3', Array)
#1 /Users/edster2007/Sites/CakePHP/vendor/cakephp/cakephp/src/Database/Driver/Mysql.php(86): Cake\Database\Driver\Mysql->_connect('mysql:host=loca...', Array)
#2 /Users/edster2007/Sites/CakePHP/vendor/cakephp/cakephp/src/Database/Schema/BaseSchema.php(46): Cake\Database\Driver\Mysql->connect()
#3 /Users/edster2007/Sites/CakePHP/vendor/cakephp/cakephp/src/Database/Dialect/MysqlDialectTrait.php(62): Cake\Database\Schema\BaseSchema->__construct(Object(Cake\Database\Driver\Mysql))
#4 /Users/edster2007/Sites/CakePHP/vendor/cakephp/cakephp/src/Database/Schema/Collection.php(52): Cake\Database\Driver\Mysql->schemaDialect()
#5 /Users/edster2007/Sites/CakePHP/vendor/cakephp/cakephp/src/Database/Schema/CachedCollection.php(44): Cake\Database\Schema\Collection->__construct(Object(Cake\Database\Connection))
#6 /Users/edster2007/Sites/CakePHP/vendor/cakephp/cakephp/src/Database/Connection.php(319): Cake\Database\Schema\CachedCollection->__construct(Object(Cake\Database\Connection), true)
#7 /Users/edster2007/Sites/CakePHP/vendor/cakephp/cakephp/src/ORM/Table.php(421): Cake\Database\Connection->schemaCollection()
#8 /Users/edster2007/Sites/CakePHP/vendor/cakephp/cakephp/src/ORM/Query.php(140): Cake\ORM\Table->schema()
#9 /Users/edster2007/Sites/CakePHP/vendor/cakephp/cakephp/src/ORM/Query.php(122): Cake\ORM\Query->addDefaultTypes(Object(App\Model\Table\TagsTable))
#10 /Users/edster2007/Sites/CakePHP/vendor/cakephp/cakephp/src/ORM/Table.php(1145): Cake\ORM\Query->__construct(Object(Cake\Database\Connection), Object(App\Model\Table\TagsTable))
#11 /Users/edster2007/Sites/CakePHP/vendor/cakephp/cakephp/src/ORM/Table.php(880): Cake\ORM\Table->query()
#12 /Users/edster2007/Sites/CakePHP/vendor/cakephp/cakephp/src/ORM/Association.php(580): Cake\ORM\Table->find('list', Array)
#13 /Users/edster2007/Sites/CakePHP/src/Controller/BookmarksController.php(124): Cake\ORM\Association->find('list')
#14 [internal function]: App\Controller\BookmarksController->add()
#15 /Users/edster2007/Sites/CakePHP/vendor/cakephp/cakephp/src/Controller/Controller.php(405): call_user_func_array(Array, Array)
#16 /Users/edster2007/Sites/CakePHP/vendor/cakephp/cakephp/src/Routing/Dispatcher.php(114): Cake\Controller\Controller->invokeAction()
#17 /Users/edster2007/Sites/CakePHP/vendor/cakephp/cakephp/src/Routing/Dispatcher.php(87): Cake\Routing\Dispatcher->_invoke(Object(App\Controller\BookmarksController))
#18 /Users/edster2007/Sites/CakePHP/webroot/index.php(37): Cake\Routing\Dispatcher->dispatch(Object(Cake\Network\Request), Object(Cake\Network\Response))
#19 {main}


2015-04-10 02:36:34 Error: [PDOException] SQLSTATE[28000] [1045] Access denied for user 'IEMySQL18'@'localhost' (using password: YES)
Request URL: /CakePHP/bookmarks/add
Stack Trace:
#0 /Users/edster2007/Sites/CakePHP/vendor/cakephp/cakephp/src/Database/Driver/PDODriverTrait.php(48): PDO->__construct('mysql:host=loca...', 'IEMySQL18', 'vi5zo7hie3', Array)
#1 /Users/edster2007/Sites/CakePHP/vendor/cakephp/cakephp/src/Database/Driver/Mysql.php(86): Cake\Database\Driver\Mysql->_connect('mysql:host=loca...', Array)
#2 /Users/edster2007/Sites/CakePHP/vendor/cakephp/cakephp/src/Database/Schema/BaseSchema.php(46): Cake\Database\Driver\Mysql->connect()
#3 /Users/edster2007/Sites/CakePHP/vendor/cakephp/cakephp/src/Database/Dialect/MysqlDialectTrait.php(62): Cake\Database\Schema\BaseSchema->__construct(Object(Cake\Database\Driver\Mysql))
#4 /Users/edster2007/Sites/CakePHP/vendor/cakephp/cakephp/src/Database/Schema/Collection.php(52): Cake\Database\Driver\Mysql->schemaDialect()
#5 /Users/edster2007/Sites/CakePHP/vendor/cakephp/cakephp/src/Database/Schema/CachedCollection.php(44): Cake\Database\Schema\Collection->__construct(Object(Cake\Database\Connection))
#6 /Users/edster2007/Sites/CakePHP/vendor/cakephp/cakephp/src/Database/Connection.php(319): Cake\Database\Schema\CachedCollection->__construct(Object(Cake\Database\Connection), true)
#7 /Users/edster2007/Sites/CakePHP/vendor/cakephp/cakephp/src/ORM/Table.php(421): Cake\Database\Connection->schemaCollection()
#8 /Users/edster2007/Sites/CakePHP/vendor/cakephp/cakephp/src/ORM/Query.php(140): Cake\ORM\Table->schema()
#9 /Users/edster2007/Sites/CakePHP/vendor/cakephp/cakephp/src/ORM/Query.php(122): Cake\ORM\Query->addDefaultTypes(Object(App\Model\Table\TagsTable))
#10 /Users/edster2007/Sites/CakePHP/vendor/cakephp/cakephp/src/ORM/Table.php(1145): Cake\ORM\Query->__construct(Object(Cake\Database\Connection), Object(App\Model\Table\TagsTable))
#11 /Users/edster2007/Sites/CakePHP/vendor/cakephp/cakephp/src/ORM/Table.php(880): Cake\ORM\Table->query()
#12 /Users/edster2007/Sites/CakePHP/vendor/cakephp/cakephp/src/ORM/Association.php(580): Cake\ORM\Table->find('list', Array)
#13 /Users/edster2007/Sites/CakePHP/src/Controller/BookmarksController.php(124): Cake\ORM\Association->find('list')
#14 [internal function]: App\Controller\BookmarksController->add()
#15 /Users/edster2007/Sites/CakePHP/vendor/cakephp/cakephp/src/Controller/Controller.php(405): call_user_func_array(Array, Array)
#16 /Users/edster2007/Sites/CakePHP/vendor/cakephp/cakephp/src/Routing/Dispatcher.php(114): Cake\Controller\Controller->invokeAction()
#17 /Users/edster2007/Sites/CakePHP/vendor/cakephp/cakephp/src/Routing/Dispatcher.php(87): Cake\Routing\Dispatcher->_invoke(Object(App\Controller\BookmarksController))
#18 /Users/edster2007/Sites/CakePHP/webroot/index.php(37): Cake\Routing\Dispatcher->dispatch(Object(Cake\Network\Request), Object(Cake\Network\Response))
#19 {main}


2015-04-10 02:36:36 Error: [PDOException] SQLSTATE[28000] [1045] Access denied for user 'IEMySQL18'@'localhost' (using password: YES)
Request URL: /CakePHP/bookmarks/add
Stack Trace:
#0 /Users/edster2007/Sites/CakePHP/vendor/cakephp/cakephp/src/Database/Driver/PDODriverTrait.php(48): PDO->__construct('mysql:host=loca...', 'IEMySQL18', 'vi5zo7hie3', Array)
#1 /Users/edster2007/Sites/CakePHP/vendor/cakephp/cakephp/src/Database/Driver/Mysql.php(86): Cake\Database\Driver\Mysql->_connect('mysql:host=loca...', Array)
#2 /Users/edster2007/Sites/CakePHP/vendor/cakephp/cakephp/src/Database/Schema/BaseSchema.php(46): Cake\Database\Driver\Mysql->connect()
#3 /Users/edster2007/Sites/CakePHP/vendor/cakephp/cakephp/src/Database/Dialect/MysqlDialectTrait.php(62): Cake\Database\Schema\BaseSchema->__construct(Object(Cake\Database\Driver\Mysql))
#4 /Users/edster2007/Sites/CakePHP/vendor/cakephp/cakephp/src/Database/Schema/Collection.php(52): Cake\Database\Driver\Mysql->schemaDialect()
#5 /Users/edster2007/Sites/CakePHP/vendor/cakephp/cakephp/src/Database/Schema/CachedCollection.php(44): Cake\Database\Schema\Collection->__construct(Object(Cake\Database\Connection))
#6 /Users/edster2007/Sites/CakePHP/vendor/cakephp/cakephp/src/Database/Connection.php(319): Cake\Database\Schema\CachedCollection->__construct(Object(Cake\Database\Connection), true)
#7 /Users/edster2007/Sites/CakePHP/vendor/cakephp/cakephp/src/ORM/Table.php(421): Cake\Database\Connection->schemaCollection()
#8 /Users/edster2007/Sites/CakePHP/vendor/cakephp/cakephp/src/ORM/Query.php(140): Cake\ORM\Table->schema()
#9 /Users/edster2007/Sites/CakePHP/vendor/cakephp/cakephp/src/ORM/Query.php(122): Cake\ORM\Query->addDefaultTypes(Object(App\Model\Table\TagsTable))
#10 /Users/edster2007/Sites/CakePHP/vendor/cakephp/cakephp/src/ORM/Table.php(1145): Cake\ORM\Query->__construct(Object(Cake\Database\Connection), Object(App\Model\Table\TagsTable))
#11 /Users/edster2007/Sites/CakePHP/vendor/cakephp/cakephp/src/ORM/Table.php(880): Cake\ORM\Table->query()
#12 /Users/edster2007/Sites/CakePHP/vendor/cakephp/cakephp/src/ORM/Association.php(580): Cake\ORM\Table->find('list', Array)
#13 /Users/edster2007/Sites/CakePHP/src/Controller/BookmarksController.php(124): Cake\ORM\Association->find('list')
#14 [internal function]: App\Controller\BookmarksController->add()
#15 /Users/edster2007/Sites/CakePHP/vendor/cakephp/cakephp/src/Controller/Controller.php(405): call_user_func_array(Array, Array)
#16 /Users/edster2007/Sites/CakePHP/vendor/cakephp/cakephp/src/Routing/Dispatcher.php(114): Cake\Controller\Controller->invokeAction()
#17 /Users/edster2007/Sites/CakePHP/vendor/cakephp/cakephp/src/Routing/Dispatcher.php(87): Cake\Routing\Dispatcher->_invoke(Object(App\Controller\BookmarksController))
#18 /Users/edster2007/Sites/CakePHP/webroot/index.php(37): Cake\Routing\Dispatcher->dispatch(Object(Cake\Network\Request), Object(Cake\Network\Response))
#19 {main}


2015-04-10 02:36:42 Error: [PDOException] SQLSTATE[28000] [1045] Access denied for user 'IEMySQL18'@'localhost' (using password: YES)
Request URL: /CakePHP/bookmarks/add
Stack Trace:
#0 /Users/edster2007/Sites/CakePHP/vendor/cakephp/cakephp/src/Database/Driver/PDODriverTrait.php(48): PDO->__construct('mysql:host=loca...', 'IEMySQL18', 'vi5zo7hie3', Array)
#1 /Users/edster2007/Sites/CakePHP/vendor/cakephp/cakephp/src/Database/Driver/Mysql.php(86): Cake\Database\Driver\Mysql->_connect('mysql:host=loca...', Array)
#2 /Users/edster2007/Sites/CakePHP/vendor/cakephp/cakephp/src/Database/Schema/BaseSchema.php(46): Cake\Database\Driver\Mysql->connect()
#3 /Users/edster2007/Sites/CakePHP/vendor/cakephp/cakephp/src/Database/Dialect/MysqlDialectTrait.php(62): Cake\Database\Schema\BaseSchema->__construct(Object(Cake\Database\Driver\Mysql))
#4 /Users/edster2007/Sites/CakePHP/vendor/cakephp/cakephp/src/Database/Schema/Collection.php(52): Cake\Database\Driver\Mysql->schemaDialect()
#5 /Users/edster2007/Sites/CakePHP/vendor/cakephp/cakephp/src/Database/Schema/CachedCollection.php(44): Cake\Database\Schema\Collection->__construct(Object(Cake\Database\Connection))
#6 /Users/edster2007/Sites/CakePHP/vendor/cakephp/cakephp/src/Database/Connection.php(319): Cake\Database\Schema\CachedCollection->__construct(Object(Cake\Database\Connection), true)
#7 /Users/edster2007/Sites/CakePHP/vendor/cakephp/cakephp/src/ORM/Table.php(421): Cake\Database\Connection->schemaCollection()
#8 /Users/edster2007/Sites/CakePHP/vendor/cakephp/cakephp/src/ORM/Query.php(140): Cake\ORM\Table->schema()
#9 /Users/edster2007/Sites/CakePHP/vendor/cakephp/cakephp/src/ORM/Query.php(122): Cake\ORM\Query->addDefaultTypes(Object(App\Model\Table\TagsTable))
#10 /Users/edster2007/Sites/CakePHP/vendor/cakephp/cakephp/src/ORM/Table.php(1145): Cake\ORM\Query->__construct(Object(Cake\Database\Connection), Object(App\Model\Table\TagsTable))
#11 /Users/edster2007/Sites/CakePHP/vendor/cakephp/cakephp/src/ORM/Table.php(880): Cake\ORM\Table->query()
#12 /Users/edster2007/Sites/CakePHP/vendor/cakephp/cakephp/src/ORM/Association.php(580): Cake\ORM\Table->find('list', Array)
#13 /Users/edster2007/Sites/CakePHP/src/Controller/BookmarksController.php(124): Cake\ORM\Association->find('list')
#14 [internal function]: App\Controller\BookmarksController->add()
#15 /Users/edster2007/Sites/CakePHP/vendor/cakephp/cakephp/src/Controller/Controller.php(405): call_user_func_array(Array, Array)
#16 /Users/edster2007/Sites/CakePHP/vendor/cakephp/cakephp/src/Routing/Dispatcher.php(114): Cake\Controller\Controller->invokeAction()
#17 /Users/edster2007/Sites/CakePHP/vendor/cakephp/cakephp/src/Routing/Dispatcher.php(87): Cake\Routing\Dispatcher->_invoke(Object(App\Controller\BookmarksController))
#18 /Users/edster2007/Sites/CakePHP/webroot/index.php(37): Cake\Routing\Dispatcher->dispatch(Object(Cake\Network\Request), Object(Cake\Network\Response))
#19 {main}


2015-04-10 02:36:42 Error: Fatal Error (1): Call to a member function user() on boolean in [/Users/edster2007/Sites/CakePHP/src/Controller/BookmarksController.php, line 55]
Trace:
Cake\Error\BaseErrorHandler::handleFatalError() - CORE/src/Error/BaseErrorHandler.php, line 191
Cake\Error\BaseErrorHandler::Cake\Error\{closure}() - CORE/src/Error/BaseErrorHandler.php, line 90
[main] - [internal], line ??



2015-04-10 02:36:42 Error: [Cake\Error\FatalErrorException] Call to a member function user() on boolean
Request URL: /CakePHP/bookmarks/
Stack Trace:
#0 /Users/edster2007/Sites/CakePHP/vendor/cakephp/cakephp/src/Error/BaseErrorHandler.php(90): Cake\Error\BaseErrorHandler->handleFatalError(1, 'Call to a membe...', '/Users/edster20...', 55)
#1 [internal function]: Cake\Error\BaseErrorHandler->Cake\Error\{closure}()
#2 {main}


2015-04-10 02:36:42 Error: Fatal Error (1): Call to a member function user() on boolean in [/Users/edster2007/Sites/CakePHP/src/Controller/BookmarksController.php, line 55]
Trace:
Cake\Error\BaseErrorHandler::handleFatalError() - CORE/src/Error/BaseErrorHandler.php, line 191
Cake\Error\BaseErrorHandler::Cake\Error\{closure}() - CORE/src/Error/BaseErrorHandler.php, line 90
[main] - [internal], line ??



2015-04-10 02:36:43 Error: [Cake\Error\FatalErrorException] Call to a member function user() on boolean
Request URL: /CakePHP/bookmarks/
Stack Trace:
#0 /Users/edster2007/Sites/CakePHP/vendor/cakephp/cakephp/src/Error/BaseErrorHandler.php(90): Cake\Error\BaseErrorHandler->handleFatalError(1, 'Call to a membe...', '/Users/edster20...', 55)
#1 [internal function]: Cake\Error\BaseErrorHandler->Cake\Error\{closure}()
#2 {main}


2015-04-10 02:36:46 Error: Fatal Error (1): Call to a member function user() on boolean in [/Users/edster2007/Sites/CakePHP/src/Controller/BookmarksController.php, line 55]
Trace:
Cake\Error\BaseErrorHandler::handleFatalError() - CORE/src/Error/BaseErrorHandler.php, line 191
Cake\Error\BaseErrorHandler::Cake\Error\{closure}() - CORE/src/Error/BaseErrorHandler.php, line 90
[main] - [internal], line ??



2015-04-10 02:36:46 Error: [Cake\Error\FatalErrorException] Call to a member function user() on boolean
Request URL: /CakePHP/bookmarks
Stack Trace:
#0 /Users/edster2007/Sites/CakePHP/vendor/cakephp/cakephp/src/Error/BaseErrorHandler.php(90): Cake\Error\BaseErrorHandler->handleFatalError(1, 'Call to a membe...', '/Users/edster20...', 55)
#1 [internal function]: Cake\Error\BaseErrorHandler->Cake\Error\{closure}()
#2 {main}


2015-04-10 02:39:50 Error: Fatal Error (1): Call to a member function user() on boolean in [/Users/edster2007/Sites/CakePHP/src/Controller/BookmarksController.php, line 55]
Trace:
Cake\Error\BaseErrorHandler::handleFatalError() - CORE/src/Error/BaseErrorHandler.php, line 191
Cake\Error\BaseErrorHandler::Cake\Error\{closure}() - CORE/src/Error/BaseErrorHandler.php, line 90
[main] - [internal], line ??



2015-04-10 02:39:50 Error: [Cake\Error\FatalErrorException] Call to a member function user() on boolean
Request URL: /CakePHP/bookmarks
Stack Trace:
#0 /Users/edster2007/Sites/CakePHP/vendor/cakephp/cakephp/src/Error/BaseErrorHandler.php(90): Cake\Error\BaseErrorHandler->handleFatalError(1, 'Call to a membe...', '/Users/edster20...', 55)
#1 [internal function]: Cake\Error\BaseErrorHandler->Cake\Error\{closure}()
#2 {main}


2015-04-10 02:40:58 Error: [Cake\Controller\Exception\MissingActionException] Action BookmarksController::users() could not be found, or is not accessible.
Exception Attributes: array (
  'controller' => 'BookmarksController',
  'action' => 'users',
  'prefix' => '',
  'plugin' => NULL,
)
Request URL: /CakePHP/bookmarks/users
Stack Trace:
#0 /Users/edster2007/Sites/CakePHP/vendor/cakephp/cakephp/src/Routing/Dispatcher.php(114): Cake\Controller\Controller->invokeAction()
#1 /Users/edster2007/Sites/CakePHP/vendor/cakephp/cakephp/src/Routing/Dispatcher.php(87): Cake\Routing\Dispatcher->_invoke(Object(App\Controller\BookmarksController))
#2 /Users/edster2007/Sites/CakePHP/webroot/index.php(37): Cake\Routing\Dispatcher->dispatch(Object(Cake\Network\Request), Object(Cake\Network\Response))
#3 {main}


2015-04-10 02:41:02 Error: Fatal Error (1): Call to a member function allow() on boolean in [/Users/edster2007/Sites/CakePHP/src/Controller/UsersController.php, line 28]
Trace:
Cake\Error\BaseErrorHandler::handleFatalError() - CORE/src/Error/BaseErrorHandler.php, line 191
Cake\Error\BaseErrorHandler::Cake\Error\{closure}() - CORE/src/Error/BaseErrorHandler.php, line 90
[main] - [internal], line ??



2015-04-10 02:41:02 Error: [Cake\Error\FatalErrorException] Call to a member function allow() on boolean
Request URL: /CakePHP/users
Stack Trace:
#0 /Users/edster2007/Sites/CakePHP/vendor/cakephp/cakephp/src/Error/BaseErrorHandler.php(90): Cake\Error\BaseErrorHandler->handleFatalError(1, 'Call to a membe...', '/Users/edster20...', 28)
#1 [internal function]: Cake\Error\BaseErrorHandler->Cake\Error\{closure}()
#2 {main}


2015-04-10 02:41:02 Error: Fatal Error (1): Call to a member function allow() on boolean in [/Users/edster2007/Sites/CakePHP/src/Controller/UsersController.php, line 28]
Trace:
Cake\Error\BaseErrorHandler::handleFatalError() - CORE/src/Error/BaseErrorHandler.php, line 191
Cake\Error\BaseErrorHandler::Cake\Error\{closure}() - CORE/src/Error/BaseErrorHandler.php, line 90
[main] - [internal], line ??



2015-04-10 02:41:02 Error: [Cake\Error\FatalErrorException] Call to a member function allow() on boolean
Request URL: /CakePHP/users
Stack Trace:
#0 /Users/edster2007/Sites/CakePHP/vendor/cakephp/cakephp/src/Error/BaseErrorHandler.php(90): Cake\Error\BaseErrorHandler->handleFatalError(1, 'Call to a membe...', '/Users/edster20...', 28)
#1 [internal function]: Cake\Error\BaseErrorHandler->Cake\Error\{closure}()
#2 {main}


2015-04-10 05:34:50 Warning: Warning (512): /Users/edster2007/Sites/CakePHP/tmp/cache/persistent/ is not writable in [/Users/edster2007/Sites/CakePHP/vendor/cakephp/cakephp/src/Cache/Engine/FileEngine.php, line 430]
Trace:
Cake\Error\BaseErrorHandler::handleError() - CORE/src/Error/BaseErrorHandler.php, line 138
Cake\Cache\Engine\FileEngine::_active() - CORE/src/Cache/Engine/FileEngine.php, line 430
Cake\Cache\Engine\FileEngine::init() - CORE/src/Cache/Engine/FileEngine.php, line 102
Cake\Cache\CacheRegistry::_create() - CORE/src/Cache/CacheRegistry.php, line 89
Cake\Core\ObjectRegistry::load() - CORE/src/Core/ObjectRegistry.php, line 88
DebugKit\Cache\Engine\DebugEngine::init() - ROOT/vendor/cakephp/debug_kit/src/Cache/Engine/DebugEngine.php, line 79
Cake\Cache\CacheRegistry::_create() - CORE/src/Cache/CacheRegistry.php, line 89
Cake\Core\ObjectRegistry::load() - CORE/src/Core/ObjectRegistry.php, line 88
Cake\Cache\Cache::_buildEngine() - CORE/src/Cache/Cache.php, line 135
Cake\Cache\Cache::engine() - CORE/src/Cache/Cache.php, line 165
Cake\I18n\I18n::translators() - CORE/src/I18n/I18n.php, line 73
Cake\I18n\I18n::translator() - CORE/src/I18n/I18n.php, line 138
__d - CORE/src/I18n/functions.php, line 81
DebugKit\Panel\TimerPanel::DebugKit\Panel\{closure}() - ROOT/vendor/cakephp/debug_kit/src/Panel/TimerPanel.php, line 54
Cake\Event\EventManager::_callListener() - CORE/src/Event/EventManager.php, line 381
Cake\Event\EventManager::dispatch() - CORE/src/Event/EventManager.php, line 351
Cake\Controller\Controller::dispatchEvent() - CORE/src/Event/EventManagerTrait.php, line 78
Cake\Controller\Controller::startupProcess() - CORE/src/Controller/Controller.php, line 467
Cake\Routing\Dispatcher::_invoke() - CORE/src/Routing/Dispatcher.php, line 109
Cake\Routing\Dispatcher::dispatch() - CORE/src/Routing/Dispatcher.php, line 87
[main] - ROOT/webroot/index.php, line 37



2015-04-10 05:34:51 Warning: Warning (512): /Users/edster2007/Sites/CakePHP/tmp/cache/models/ is not writable in [/Users/edster2007/Sites/CakePHP/vendor/cakephp/cakephp/src/Cache/Engine/FileEngine.php, line 430]
Trace:
Cake\Error\BaseErrorHandler::handleError() - CORE/src/Error/BaseErrorHandler.php, line 138
Cake\Cache\Engine\FileEngine::_active() - CORE/src/Cache/Engine/FileEngine.php, line 430
Cake\Cache\Engine\FileEngine::init() - CORE/src/Cache/Engine/FileEngine.php, line 102
Cake\Cache\CacheRegistry::_create() - CORE/src/Cache/CacheRegistry.php, line 89
Cake\Core\ObjectRegistry::load() - CORE/src/Core/ObjectRegistry.php, line 88
DebugKit\Cache\Engine\DebugEngine::init() - ROOT/vendor/cakephp/debug_kit/src/Cache/Engine/DebugEngine.php, line 79
Cake\Cache\CacheRegistry::_create() - CORE/src/Cache/CacheRegistry.php, line 89
Cake\Core\ObjectRegistry::load() - CORE/src/Core/ObjectRegistry.php, line 88
Cake\Cache\Cache::_buildEngine() - CORE/src/Cache/Cache.php, line 135
Cake\Cache\Cache::engine() - CORE/src/Cache/Cache.php, line 165
Cake\Cache\Cache::read() - CORE/src/Cache/Cache.php, line 278
Cake\Database\Schema\CachedCollection::describe() - CORE/src/Database/Schema/CachedCollection.php, line 59
Cake\ORM\Table::schema() - CORE/src/ORM/Table.php, line 422
Cake\ORM\Marshaller::one() - CORE/src/ORM/Marshaller.php, line 107
Cake\ORM\Table::newEntity() - CORE/src/ORM/Table.php, line 1953
DebugKit\Routing\Filter\DebugBarFilter::afterDispatch() - ROOT/vendor/cakephp/debug_kit/src/Routing/Filter/DebugBarFilter.php, line 189
Cake\Event\EventManager::_callListener() - CORE/src/Event/EventManager.php, line 385
Cake\Event\EventManager::dispatch() - CORE/src/Event/EventManager.php, line 351
Cake\Routing\Dispatcher::dispatchEvent() - CORE/src/Event/EventManagerTrait.php, line 78
Cake\Error\ExceptionRenderer::_shutdown() - CORE/src/Error/ExceptionRenderer.php, line 351
Cake\Error\ExceptionRenderer::_outputMessage() - CORE/src/Error/ExceptionRenderer.php, line 297
Cake\Error\ExceptionRenderer::_outputMessage() - CORE/src/Error/ExceptionRenderer.php, line 303
Cake\Error\ExceptionRenderer::render() - CORE/src/Error/ExceptionRenderer.php, line 172
Cake\Error\ErrorHandler::_displayException() - CORE/src/Error/ErrorHandler.php, line 143
Cake\Error\BaseErrorHandler::handleException() - CORE/src/Error/BaseErrorHandler.php, line 155
[main] - [internal], line ??



2015-04-10 05:34:51 Error: [RuntimeException] Cache engine Cake\Cache\Engine\FileEngine is not properly configured.
Request URL: /CakePHP/users/login
Stack Trace:
#0 /Users/edster2007/Sites/CakePHP/vendor/cakephp/cakephp/src/Core/ObjectRegistry.php(88): Cake\Cache\CacheRegistry->_create('Cake\\Cache\\Engi...', 'spies', Array)
#1 /Users/edster2007/Sites/CakePHP/vendor/cakephp/debug_kit/src/Cache/Engine/DebugEngine.php(79): Cake\Core\ObjectRegistry->load('spies', Array)
#2 /Users/edster2007/Sites/CakePHP/vendor/cakephp/cakephp/src/Cache/CacheRegistry.php(89): DebugKit\Cache\Engine\DebugEngine->init(Array)
#3 /Users/edster2007/Sites/CakePHP/vendor/cakephp/cakephp/src/Core/ObjectRegistry.php(88): Cake\Cache\CacheRegistry->_create(Object(DebugKit\Cache\Engine\DebugEngine), '_cake_core_', Array)
#4 /Users/edster2007/Sites/CakePHP/vendor/cakephp/cakephp/src/Cache/Cache.php(135): Cake\Core\ObjectRegistry->load('_cake_core_', Array)
#5 /Users/edster2007/Sites/CakePHP/vendor/cakephp/cakephp/src/Cache/Cache.php(165): Cake\Cache\Cache::_buildEngine('_cake_core_')
#6 /Users/edster2007/Sites/CakePHP/vendor/cakephp/cakephp/src/I18n/I18n.php(73): Cake\Cache\Cache::engine('_cake_core_')
#7 /Users/edster2007/Sites/CakePHP/vendor/cakephp/cakephp/src/I18n/I18n.php(138): Cake\I18n\I18n::translators()
#8 /Users/edster2007/Sites/CakePHP/vendor/cakephp/cakephp/src/I18n/functions.php(81): Cake\I18n\I18n::translator('debug_kit')
#9 /Users/edster2007/Sites/CakePHP/vendor/cakephp/debug_kit/src/Panel/TimerPanel.php(54): __d('debug_kit', 'Controller init...')
#10 /Users/edster2007/Sites/CakePHP/vendor/cakephp/cakephp/src/Event/EventManager.php(381): DebugKit\Panel\TimerPanel->DebugKit\Panel\{closure}(Object(Cake\Event\Event))
#11 /Users/edster2007/Sites/CakePHP/vendor/cakephp/cakephp/src/Event/EventManager.php(351): Cake\Event\EventManager->_callListener(Object(Closure), Object(Cake\Event\Event))
#12 /Users/edster2007/Sites/CakePHP/vendor/cakephp/cakephp/src/Event/EventManagerTrait.php(78): Cake\Event\EventManager->dispatch(Object(Cake\Event\Event))
#13 /Users/edster2007/Sites/CakePHP/vendor/cakephp/cakephp/src/Controller/Controller.php(467): Cake\Controller\Controller->dispatchEvent('Controller.init...')
#14 /Users/edster2007/Sites/CakePHP/vendor/cakephp/cakephp/src/Routing/Dispatcher.php(109): Cake\Controller\Controller->startupProcess()
#15 /Users/edster2007/Sites/CakePHP/vendor/cakephp/cakephp/src/Routing/Dispatcher.php(87): Cake\Routing\Dispatcher->_invoke(Object(App\Controller\UsersController))
#16 /Users/edster2007/Sites/CakePHP/webroot/index.php(37): Cake\Routing\Dispatcher->dispatch(Object(Cake\Network\Request), Object(Cake\Network\Response))
#17 {main}


2015-04-10 05:34:51 Warning: Warning (512): /Users/edster2007/Sites/CakePHP/tmp/cache/persistent/ is not writable in [/Users/edster2007/Sites/CakePHP/vendor/cakephp/cakephp/src/Cache/Engine/FileEngine.php, line 430]
Trace:
Cake\Error\BaseErrorHandler::handleError() - CORE/src/Error/BaseErrorHandler.php, line 138
Cake\Cache\Engine\FileEngine::_active() - CORE/src/Cache/Engine/FileEngine.php, line 430
Cake\Cache\Engine\FileEngine::init() - CORE/src/Cache/Engine/FileEngine.php, line 102
Cake\Cache\CacheRegistry::_create() - CORE/src/Cache/CacheRegistry.php, line 89
Cake\Core\ObjectRegistry::load() - CORE/src/Core/ObjectRegistry.php, line 88
DebugKit\Cache\Engine\DebugEngine::init() - ROOT/vendor/cakephp/debug_kit/src/Cache/Engine/DebugEngine.php, line 79
Cake\Cache\CacheRegistry::_create() - CORE/src/Cache/CacheRegistry.php, line 89
Cake\Core\ObjectRegistry::load() - CORE/src/Core/ObjectRegistry.php, line 88
Cake\Cache\Cache::_buildEngine() - CORE/src/Cache/Cache.php, line 135
Cake\Cache\Cache::engine() - CORE/src/Cache/Cache.php, line 165
Cake\I18n\I18n::translators() - CORE/src/I18n/I18n.php, line 73
Cake\I18n\I18n::translator() - CORE/src/I18n/I18n.php, line 138
__d - CORE/src/I18n/functions.php, line 81
DebugKit\Panel\TimerPanel::DebugKit\Panel\{closure}() - ROOT/vendor/cakephp/debug_kit/src/Panel/TimerPanel.php, line 54
Cake\Event\EventManager::_callListener() - CORE/src/Event/EventManager.php, line 381
Cake\Event\EventManager::dispatch() - CORE/src/Event/EventManager.php, line 351
Cake\Controller\Controller::dispatchEvent() - CORE/src/Event/EventManagerTrait.php, line 78
Cake\Controller\Controller::startupProcess() - CORE/src/Controller/Controller.php, line 467
Cake\Routing\Dispatcher::_invoke() - CORE/src/Routing/Dispatcher.php, line 109
Cake\Routing\Dispatcher::dispatch() - CORE/src/Routing/Dispatcher.php, line 87
[main] - ROOT/webroot/index.php, line 37



2015-04-10 05:34:51 Warning: Warning (512): /Users/edster2007/Sites/CakePHP/tmp/cache/models/ is not writable in [/Users/edster2007/Sites/CakePHP/vendor/cakephp/cakephp/src/Cache/Engine/FileEngine.php, line 430]
Trace:
Cake\Error\BaseErrorHandler::handleError() - CORE/src/Error/BaseErrorHandler.php, line 138
Cake\Cache\Engine\FileEngine::_active() - CORE/src/Cache/Engine/FileEngine.php, line 430
Cake\Cache\Engine\FileEngine::init() - CORE/src/Cache/Engine/FileEngine.php, line 102
Cake\Cache\CacheRegistry::_create() - CORE/src/Cache/CacheRegistry.php, line 89
Cake\Core\ObjectRegistry::load() - CORE/src/Core/ObjectRegistry.php, line 88
DebugKit\Cache\Engine\DebugEngine::init() - ROOT/vendor/cakephp/debug_kit/src/Cache/Engine/DebugEngine.php, line 79
Cake\Cache\CacheRegistry::_create() - CORE/src/Cache/CacheRegistry.php, line 89
Cake\Core\ObjectRegistry::load() - CORE/src/Core/ObjectRegistry.php, line 88
Cake\Cache\Cache::_buildEngine() - CORE/src/Cache/Cache.php, line 135
Cake\Cache\Cache::engine() - CORE/src/Cache/Cache.php, line 165
Cake\Cache\Cache::read() - CORE/src/Cache/Cache.php, line 278
Cake\Database\Schema\CachedCollection::describe() - CORE/src/Database/Schema/CachedCollection.php, line 59
Cake\ORM\Table::schema() - CORE/src/ORM/Table.php, line 422
Cake\ORM\Marshaller::one() - CORE/src/ORM/Marshaller.php, line 107
Cake\ORM\Table::newEntity() - CORE/src/ORM/Table.php, line 1953
DebugKit\Routing\Filter\DebugBarFilter::afterDispatch() - ROOT/vendor/cakephp/debug_kit/src/Routing/Filter/DebugBarFilter.php, line 189
Cake\Event\EventManager::_callListener() - CORE/src/Event/EventManager.php, line 385
Cake\Event\EventManager::dispatch() - CORE/src/Event/EventManager.php, line 351
Cake\Routing\Dispatcher::dispatchEvent() - CORE/src/Event/EventManagerTrait.php, line 78
Cake\Error\ExceptionRenderer::_shutdown() - CORE/src/Error/ExceptionRenderer.php, line 351
Cake\Error\ExceptionRenderer::_outputMessage() - CORE/src/Error/ExceptionRenderer.php, line 297
Cake\Error\ExceptionRenderer::_outputMessage() - CORE/src/Error/ExceptionRenderer.php, line 303
Cake\Error\ExceptionRenderer::render() - CORE/src/Error/ExceptionRenderer.php, line 172
Cake\Error\ErrorHandler::_displayException() - CORE/src/Error/ErrorHandler.php, line 143
Cake\Error\BaseErrorHandler::handleException() - CORE/src/Error/BaseErrorHandler.php, line 155
[main] - [internal], line ??



2015-04-10 05:34:51 Error: [RuntimeException] Cache engine Cake\Cache\Engine\FileEngine is not properly configured.
Request URL: /CakePHP/users/login
Stack Trace:
#0 /Users/edster2007/Sites/CakePHP/vendor/cakephp/cakephp/src/Core/ObjectRegistry.php(88): Cake\Cache\CacheRegistry->_create('Cake\\Cache\\Engi...', 'spies', Array)
#1 /Users/edster2007/Sites/CakePHP/vendor/cakephp/debug_kit/src/Cache/Engine/DebugEngine.php(79): Cake\Core\ObjectRegistry->load('spies', Array)
#2 /Users/edster2007/Sites/CakePHP/vendor/cakephp/cakephp/src/Cache/CacheRegistry.php(89): DebugKit\Cache\Engine\DebugEngine->init(Array)
#3 /Users/edster2007/Sites/CakePHP/vendor/cakephp/cakephp/src/Core/ObjectRegistry.php(88): Cake\Cache\CacheRegistry->_create(Object(DebugKit\Cache\Engine\DebugEngine), '_cake_core_', Array)
#4 /Users/edster2007/Sites/CakePHP/vendor/cakephp/cakephp/src/Cache/Cache.php(135): Cake\Core\ObjectRegistry->load('_cake_core_', Array)
#5 /Users/edster2007/Sites/CakePHP/vendor/cakephp/cakephp/src/Cache/Cache.php(165): Cake\Cache\Cache::_buildEngine('_cake_core_')
#6 /Users/edster2007/Sites/CakePHP/vendor/cakephp/cakephp/src/I18n/I18n.php(73): Cake\Cache\Cache::engine('_cake_core_')
#7 /Users/edster2007/Sites/CakePHP/vendor/cakephp/cakephp/src/I18n/I18n.php(138): Cake\I18n\I18n::translators()
#8 /Users/edster2007/Sites/CakePHP/vendor/cakephp/cakephp/src/I18n/functions.php(81): Cake\I18n\I18n::translator('debug_kit')
#9 /Users/edster2007/Sites/CakePHP/vendor/cakephp/debug_kit/src/Panel/TimerPanel.php(54): __d('debug_kit', 'Controller init...')
#10 /Users/edster2007/Sites/CakePHP/vendor/cakephp/cakephp/src/Event/EventManager.php(381): DebugKit\Panel\TimerPanel->DebugKit\Panel\{closure}(Object(Cake\Event\Event))
#11 /Users/edster2007/Sites/CakePHP/vendor/cakephp/cakephp/src/Event/EventManager.php(351): Cake\Event\EventManager->_callListener(Object(Closure), Object(Cake\Event\Event))
#12 /Users/edster2007/Sites/CakePHP/vendor/cakephp/cakephp/src/Event/EventManagerTrait.php(78): Cake\Event\EventManager->dispatch(Object(Cake\Event\Event))
#13 /Users/edster2007/Sites/CakePHP/vendor/cakephp/cakephp/src/Controller/Controller.php(467): Cake\Controller\Controller->dispatchEvent('Controller.init...')
#14 /Users/edster2007/Sites/CakePHP/vendor/cakephp/cakephp/src/Routing/Dispatcher.php(109): Cake\Controller\Controller->startupProcess()
#15 /Users/edster2007/Sites/CakePHP/vendor/cakephp/cakephp/src/Routing/Dispatcher.php(87): Cake\Routing\Dispatcher->_invoke(Object(App\Controller\UsersController))
#16 /Users/edster2007/Sites/CakePHP/webroot/index.php(37): Cake\Routing\Dispatcher->dispatch(Object(Cake\Network\Request), Object(Cake\Network\Response))
#17 {main}


2015-04-10 05:34:52 Warning: Warning (512): /Users/edster2007/Sites/CakePHP/tmp/cache/persistent/ is not writable in [/Users/edster2007/Sites/CakePHP/vendor/cakephp/cakephp/src/Cache/Engine/FileEngine.php, line 430]
Trace:
Cake\Error\BaseErrorHandler::handleError() - CORE/src/Error/BaseErrorHandler.php, line 138
Cake\Cache\Engine\FileEngine::_active() - CORE/src/Cache/Engine/FileEngine.php, line 430
Cake\Cache\Engine\FileEngine::init() - CORE/src/Cache/Engine/FileEngine.php, line 102
Cake\Cache\CacheRegistry::_create() - CORE/src/Cache/CacheRegistry.php, line 89
Cake\Core\ObjectRegistry::load() - CORE/src/Core/ObjectRegistry.php, line 88
DebugKit\Cache\Engine\DebugEngine::init() - ROOT/vendor/cakephp/debug_kit/src/Cache/Engine/DebugEngine.php, line 79
Cake\Cache\CacheRegistry::_create() - CORE/src/Cache/CacheRegistry.php, line 89
Cake\Core\ObjectRegistry::load() - CORE/src/Core/ObjectRegistry.php, line 88
Cake\Cache\Cache::_buildEngine() - CORE/src/Cache/Cache.php, line 135
Cake\Cache\Cache::engine() - CORE/src/Cache/Cache.php, line 165
Cake\I18n\I18n::translators() - CORE/src/I18n/I18n.php, line 73
Cake\I18n\I18n::translator() - CORE/src/I18n/I18n.php, line 138
__d - CORE/src/I18n/functions.php, line 81
DebugKit\Panel\TimerPanel::DebugKit\Panel\{closure}() - ROOT/vendor/cakephp/debug_kit/src/Panel/TimerPanel.php, line 54
Cake\Event\EventManager::_callListener() - CORE/src/Event/EventManager.php, line 381
Cake\Event\EventManager::dispatch() - CORE/src/Event/EventManager.php, line 351
Cake\Controller\Controller::dispatchEvent() - CORE/src/Event/EventManagerTrait.php, line 78
Cake\Controller\Controller::startupProcess() - CORE/src/Controller/Controller.php, line 467
Cake\Routing\Dispatcher::_invoke() - CORE/src/Routing/Dispatcher.php, line 109
Cake\Routing\Dispatcher::dispatch() - CORE/src/Routing/Dispatcher.php, line 87
[main] - ROOT/webroot/index.php, line 37



2015-04-10 05:34:52 Warning: Warning (512): /Users/edster2007/Sites/CakePHP/tmp/cache/models/ is not writable in [/Users/edster2007/Sites/CakePHP/vendor/cakephp/cakephp/src/Cache/Engine/FileEngine.php, line 430]
Trace:
Cake\Error\BaseErrorHandler::handleError() - CORE/src/Error/BaseErrorHandler.php, line 138
Cake\Cache\Engine\FileEngine::_active() - CORE/src/Cache/Engine/FileEngine.php, line 430
Cake\Cache\Engine\FileEngine::init() - CORE/src/Cache/Engine/FileEngine.php, line 102
Cake\Cache\CacheRegistry::_create() - CORE/src/Cache/CacheRegistry.php, line 89
Cake\Core\ObjectRegistry::load() - CORE/src/Core/ObjectRegistry.php, line 88
DebugKit\Cache\Engine\DebugEngine::init() - ROOT/vendor/cakephp/debug_kit/src/Cache/Engine/DebugEngine.php, line 79
Cake\Cache\CacheRegistry::_create() - CORE/src/Cache/CacheRegistry.php, line 89
Cake\Core\ObjectRegistry::load() - CORE/src/Core/ObjectRegistry.php, line 88
Cake\Cache\Cache::_buildEngine() - CORE/src/Cache/Cache.php, line 135
Cake\Cache\Cache::engine() - CORE/src/Cache/Cache.php, line 165
Cake\Cache\Cache::read() - CORE/src/Cache/Cache.php, line 278
Cake\Database\Schema\CachedCollection::describe() - CORE/src/Database/Schema/CachedCollection.php, line 59
Cake\ORM\Table::schema() - CORE/src/ORM/Table.php, line 422
Cake\ORM\Marshaller::one() - CORE/src/ORM/Marshaller.php, line 107
Cake\ORM\Table::newEntity() - CORE/src/ORM/Table.php, line 1953
DebugKit\Routing\Filter\DebugBarFilter::afterDispatch() - ROOT/vendor/cakephp/debug_kit/src/Routing/Filter/DebugBarFilter.php, line 189
Cake\Event\EventManager::_callListener() - CORE/src/Event/EventManager.php, line 385
Cake\Event\EventManager::dispatch() - CORE/src/Event/EventManager.php, line 351
Cake\Routing\Dispatcher::dispatchEvent() - CORE/src/Event/EventManagerTrait.php, line 78
Cake\Error\ExceptionRenderer::_shutdown() - CORE/src/Error/ExceptionRenderer.php, line 351
Cake\Error\ExceptionRenderer::_outputMessage() - CORE/src/Error/ExceptionRenderer.php, line 297
Cake\Error\ExceptionRenderer::_outputMessage() - CORE/src/Error/ExceptionRenderer.php, line 303
Cake\Error\ExceptionRenderer::render() - CORE/src/Error/ExceptionRenderer.php, line 172
Cake\Error\ErrorHandler::_displayException() - CORE/src/Error/ErrorHandler.php, line 143
Cake\Error\BaseErrorHandler::handleException() - CORE/src/Error/BaseErrorHandler.php, line 155
[main] - [internal], line ??



2015-04-10 05:34:52 Error: [RuntimeException] Cache engine Cake\Cache\Engine\FileEngine is not properly configured.
Request URL: /CakePHP/users/
Stack Trace:
#0 /Users/edster2007/Sites/CakePHP/vendor/cakephp/cakephp/src/Core/ObjectRegistry.php(88): Cake\Cache\CacheRegistry->_create('Cake\\Cache\\Engi...', 'spies', Array)
#1 /Users/edster2007/Sites/CakePHP/vendor/cakephp/debug_kit/src/Cache/Engine/DebugEngine.php(79): Cake\Core\ObjectRegistry->load('spies', Array)
#2 /Users/edster2007/Sites/CakePHP/vendor/cakephp/cakephp/src/Cache/CacheRegistry.php(89): DebugKit\Cache\Engine\DebugEngine->init(Array)
#3 /Users/edster2007/Sites/CakePHP/vendor/cakephp/cakephp/src/Core/ObjectRegistry.php(88): Cake\Cache\CacheRegistry->_create(Object(DebugKit\Cache\Engine\DebugEngine), '_cake_core_', Array)
#4 /Users/edster2007/Sites/CakePHP/vendor/cakephp/cakephp/src/Cache/Cache.php(135): Cake\Core\ObjectRegistry->load('_cake_core_', Array)
#5 /Users/edster2007/Sites/CakePHP/vendor/cakephp/cakephp/src/Cache/Cache.php(165): Cake\Cache\Cache::_buildEngine('_cake_core_')
#6 /Users/edster2007/Sites/CakePHP/vendor/cakephp/cakephp/src/I18n/I18n.php(73): Cake\Cache\Cache::engine('_cake_core_')
#7 /Users/edster2007/Sites/CakePHP/vendor/cakephp/cakephp/src/I18n/I18n.php(138): Cake\I18n\I18n::translators()
#8 /Users/edster2007/Sites/CakePHP/vendor/cakephp/cakephp/src/I18n/functions.php(81): Cake\I18n\I18n::translator('debug_kit')
#9 /Users/edster2007/Sites/CakePHP/vendor/cakephp/debug_kit/src/Panel/TimerPanel.php(54): __d('debug_kit', 'Controller init...')
#10 /Users/edster2007/Sites/CakePHP/vendor/cakephp/cakephp/src/Event/EventManager.php(381): DebugKit\Panel\TimerPanel->DebugKit\Panel\{closure}(Object(Cake\Event\Event))
#11 /Users/edster2007/Sites/CakePHP/vendor/cakephp/cakephp/src/Event/EventManager.php(351): Cake\Event\EventManager->_callListener(Object(Closure), Object(Cake\Event\Event))
#12 /Users/edster2007/Sites/CakePHP/vendor/cakephp/cakephp/src/Event/EventManagerTrait.php(78): Cake\Event\EventManager->dispatch(Object(Cake\Event\Event))
#13 /Users/edster2007/Sites/CakePHP/vendor/cakephp/cakephp/src/Controller/Controller.php(467): Cake\Controller\Controller->dispatchEvent('Controller.init...')
#14 /Users/edster2007/Sites/CakePHP/vendor/cakephp/cakephp/src/Routing/Dispatcher.php(109): Cake\Controller\Controller->startupProcess()
#15 /Users/edster2007/Sites/CakePHP/vendor/cakephp/cakephp/src/Routing/Dispatcher.php(87): Cake\Routing\Dispatcher->_invoke(Object(App\Controller\UsersController))
#16 /Users/edster2007/Sites/CakePHP/webroot/index.php(37): Cake\Routing\Dispatcher->dispatch(Object(Cake\Network\Request), Object(Cake\Network\Response))
#17 {main}


2015-04-10 05:34:52 Warning: Warning (512): /Users/edster2007/Sites/CakePHP/tmp/cache/persistent/ is not writable in [/Users/edster2007/Sites/CakePHP/vendor/cakephp/cakephp/src/Cache/Engine/FileEngine.php, line 430]
Trace:
Cake\Error\BaseErrorHandler::handleError() - CORE/src/Error/BaseErrorHandler.php, line 138
Cake\Cache\Engine\FileEngine::_active() - CORE/src/Cache/Engine/FileEngine.php, line 430
Cake\Cache\Engine\FileEngine::init() - CORE/src/Cache/Engine/FileEngine.php, line 102
Cake\Cache\CacheRegistry::_create() - CORE/src/Cache/CacheRegistry.php, line 89
Cake\Core\ObjectRegistry::load() - CORE/src/Core/ObjectRegistry.php, line 88
DebugKit\Cache\Engine\DebugEngine::init() - ROOT/vendor/cakephp/debug_kit/src/Cache/Engine/DebugEngine.php, line 79
Cake\Cache\CacheRegistry::_create() - CORE/src/Cache/CacheRegistry.php, line 89
Cake\Core\ObjectRegistry::load() - CORE/src/Core/ObjectRegistry.php, line 88
Cake\Cache\Cache::_buildEngine() - CORE/src/Cache/Cache.php, line 135
Cake\Cache\Cache::engine() - CORE/src/Cache/Cache.php, line 165
Cake\I18n\I18n::translators() - CORE/src/I18n/I18n.php, line 73
Cake\I18n\I18n::translator() - CORE/src/I18n/I18n.php, line 138
__d - CORE/src/I18n/functions.php, line 81
DebugKit\Panel\TimerPanel::DebugKit\Panel\{closure}() - ROOT/vendor/cakephp/debug_kit/src/Panel/TimerPanel.php, line 54
Cake\Event\EventManager::_callListener() - CORE/src/Event/EventManager.php, line 381
Cake\Event\EventManager::dispatch() - CORE/src/Event/EventManager.php, line 351
Cake\Controller\Controller::dispatchEvent() - CORE/src/Event/EventManagerTrait.php, line 78
Cake\Controller\Controller::startupProcess() - CORE/src/Controller/Controller.php, line 467
Cake\Routing\Dispatcher::_invoke() - CORE/src/Routing/Dispatcher.php, line 109
Cake\Routing\Dispatcher::dispatch() - CORE/src/Routing/Dispatcher.php, line 87
[main] - ROOT/webroot/index.php, line 37



2015-04-10 05:34:52 Warning: Warning (512): /Users/edster2007/Sites/CakePHP/tmp/cache/models/ is not writable in [/Users/edster2007/Sites/CakePHP/vendor/cakephp/cakephp/src/Cache/Engine/FileEngine.php, line 430]
Trace:
Cake\Error\BaseErrorHandler::handleError() - CORE/src/Error/BaseErrorHandler.php, line 138
Cake\Cache\Engine\FileEngine::_active() - CORE/src/Cache/Engine/FileEngine.php, line 430
Cake\Cache\Engine\FileEngine::init() - CORE/src/Cache/Engine/FileEngine.php, line 102
Cake\Cache\CacheRegistry::_create() - CORE/src/Cache/CacheRegistry.php, line 89
Cake\Core\ObjectRegistry::load() - CORE/src/Core/ObjectRegistry.php, line 88
DebugKit\Cache\Engine\DebugEngine::init() - ROOT/vendor/cakephp/debug_kit/src/Cache/Engine/DebugEngine.php, line 79
Cake\Cache\CacheRegistry::_create() - CORE/src/Cache/CacheRegistry.php, line 89
Cake\Core\ObjectRegistry::load() - CORE/src/Core/ObjectRegistry.php, line 88
Cake\Cache\Cache::_buildEngine() - CORE/src/Cache/Cache.php, line 135
Cake\Cache\Cache::engine() - CORE/src/Cache/Cache.php, line 165
Cake\Cache\Cache::read() - CORE/src/Cache/Cache.php, line 278
Cake\Database\Schema\CachedCollection::describe() - CORE/src/Database/Schema/CachedCollection.php, line 59
Cake\ORM\Table::schema() - CORE/src/ORM/Table.php, line 422
Cake\ORM\Marshaller::one() - CORE/src/ORM/Marshaller.php, line 107
Cake\ORM\Table::newEntity() - CORE/src/ORM/Table.php, line 1953
DebugKit\Routing\Filter\DebugBarFilter::afterDispatch() - ROOT/vendor/cakephp/debug_kit/src/Routing/Filter/DebugBarFilter.php, line 189
Cake\Event\EventManager::_callListener() - CORE/src/Event/EventManager.php, line 385
Cake\Event\EventManager::dispatch() - CORE/src/Event/EventManager.php, line 351
Cake\Routing\Dispatcher::dispatchEvent() - CORE/src/Event/EventManagerTrait.php, line 78
Cake\Error\ExceptionRenderer::_shutdown() - CORE/src/Error/ExceptionRenderer.php, line 351
Cake\Error\ExceptionRenderer::_outputMessage() - CORE/src/Error/ExceptionRenderer.php, line 297
Cake\Error\ExceptionRenderer::_outputMessage() - CORE/src/Error/ExceptionRenderer.php, line 303
Cake\Error\ExceptionRenderer::render() - CORE/src/Error/ExceptionRenderer.php, line 172
Cake\Error\ErrorHandler::_displayException() - CORE/src/Error/ErrorHandler.php, line 143
Cake\Error\BaseErrorHandler::handleException() - CORE/src/Error/BaseErrorHandler.php, line 155
[main] - [internal], line ??



2015-04-10 05:34:52 Error: [RuntimeException] Cache engine Cake\Cache\Engine\FileEngine is not properly configured.
Request URL: /CakePHP/users
Stack Trace:
#0 /Users/edster2007/Sites/CakePHP/vendor/cakephp/cakephp/src/Core/ObjectRegistry.php(88): Cake\Cache\CacheRegistry->_create('Cake\\Cache\\Engi...', 'spies', Array)
#1 /Users/edster2007/Sites/CakePHP/vendor/cakephp/debug_kit/src/Cache/Engine/DebugEngine.php(79): Cake\Core\ObjectRegistry->load('spies', Array)
#2 /Users/edster2007/Sites/CakePHP/vendor/cakephp/cakephp/src/Cache/CacheRegistry.php(89): DebugKit\Cache\Engine\DebugEngine->init(Array)
#3 /Users/edster2007/Sites/CakePHP/vendor/cakephp/cakephp/src/Core/ObjectRegistry.php(88): Cake\Cache\CacheRegistry->_create(Object(DebugKit\Cache\Engine\DebugEngine), '_cake_core_', Array)
#4 /Users/edster2007/Sites/CakePHP/vendor/cakephp/cakephp/src/Cache/Cache.php(135): Cake\Core\ObjectRegistry->load('_cake_core_', Array)
#5 /Users/edster2007/Sites/CakePHP/vendor/cakephp/cakephp/src/Cache/Cache.php(165): Cake\Cache\Cache::_buildEngine('_cake_core_')
#6 /Users/edster2007/Sites/CakePHP/vendor/cakephp/cakephp/src/I18n/I18n.php(73): Cake\Cache\Cache::engine('_cake_core_')
#7 /Users/edster2007/Sites/CakePHP/vendor/cakephp/cakephp/src/I18n/I18n.php(138): Cake\I18n\I18n::translators()
#8 /Users/edster2007/Sites/CakePHP/vendor/cakephp/cakephp/src/I18n/functions.php(81): Cake\I18n\I18n::translator('debug_kit')
#9 /Users/edster2007/Sites/CakePHP/vendor/cakephp/debug_kit/src/Panel/TimerPanel.php(54): __d('debug_kit', 'Controller init...')
#10 /Users/edster2007/Sites/CakePHP/vendor/cakephp/cakephp/src/Event/EventManager.php(381): DebugKit\Panel\TimerPanel->DebugKit\Panel\{closure}(Object(Cake\Event\Event))
#11 /Users/edster2007/Sites/CakePHP/vendor/cakephp/cakephp/src/Event/EventManager.php(351): Cake\Event\EventManager->_callListener(Object(Closure), Object(Cake\Event\Event))
#12 /Users/edster2007/Sites/CakePHP/vendor/cakephp/cakephp/src/Event/EventManagerTrait.php(78): Cake\Event\EventManager->dispatch(Object(Cake\Event\Event))
#13 /Users/edster2007/Sites/CakePHP/vendor/cakephp/cakephp/src/Controller/Controller.php(467): Cake\Controller\Controller->dispatchEvent('Controller.init...')
#14 /Users/edster2007/Sites/CakePHP/vendor/cakephp/cakephp/src/Routing/Dispatcher.php(109): Cake\Controller\Controller->startupProcess()
#15 /Users/edster2007/Sites/CakePHP/vendor/cakephp/cakephp/src/Routing/Dispatcher.php(87): Cake\Routing\Dispatcher->_invoke(Object(App\Controller\UsersController))
#16 /Users/edster2007/Sites/CakePHP/webroot/index.php(37): Cake\Routing\Dispatcher->dispatch(Object(Cake\Network\Request), Object(Cake\Network\Response))
#17 {main}


2015-04-10 05:34:53 Warning: Warning (512): /Users/edster2007/Sites/CakePHP/tmp/cache/persistent/ is not writable in [/Users/edster2007/Sites/CakePHP/vendor/cakephp/cakephp/src/Cache/Engine/FileEngine.php, line 430]
Trace:
Cake\Error\BaseErrorHandler::handleError() - CORE/src/Error/BaseErrorHandler.php, line 138
Cake\Cache\Engine\FileEngine::_active() - CORE/src/Cache/Engine/FileEngine.php, line 430
Cake\Cache\Engine\FileEngine::init() - CORE/src/Cache/Engine/FileEngine.php, line 102
Cake\Cache\CacheRegistry::_create() - CORE/src/Cache/CacheRegistry.php, line 89
Cake\Core\ObjectRegistry::load() - CORE/src/Core/ObjectRegistry.php, line 88
DebugKit\Cache\Engine\DebugEngine::init() - ROOT/vendor/cakephp/debug_kit/src/Cache/Engine/DebugEngine.php, line 79
Cake\Cache\CacheRegistry::_create() - CORE/src/Cache/CacheRegistry.php, line 89
Cake\Core\ObjectRegistry::load() - CORE/src/Core/ObjectRegistry.php, line 88
Cake\Cache\Cache::_buildEngine() - CORE/src/Cache/Cache.php, line 135
Cake\Cache\Cache::engine() - CORE/src/Cache/Cache.php, line 165
Cake\I18n\I18n::translators() - CORE/src/I18n/I18n.php, line 73
Cake\I18n\I18n::translator() - CORE/src/I18n/I18n.php, line 138
__d - CORE/src/I18n/functions.php, line 81
DebugKit\Panel\TimerPanel::DebugKit\Panel\{closure}() - ROOT/vendor/cakephp/debug_kit/src/Panel/TimerPanel.php, line 54
Cake\Event\EventManager::_callListener() - CORE/src/Event/EventManager.php, line 381
Cake\Event\EventManager::dispatch() - CORE/src/Event/EventManager.php, line 351
Cake\Controller\Controller::dispatchEvent() - CORE/src/Event/EventManagerTrait.php, line 78
Cake\Controller\Controller::startupProcess() - CORE/src/Controller/Controller.php, line 467
Cake\Routing\Dispatcher::_invoke() - CORE/src/Routing/Dispatcher.php, line 109
Cake\Routing\Dispatcher::dispatch() - CORE/src/Routing/Dispatcher.php, line 87
[main] - ROOT/webroot/index.php, line 37



2015-04-10 05:34:53 Warning: Warning (512): /Users/edster2007/Sites/CakePHP/tmp/cache/models/ is not writable in [/Users/edster2007/Sites/CakePHP/vendor/cakephp/cakephp/src/Cache/Engine/FileEngine.php, line 430]
Trace:
Cake\Error\BaseErrorHandler::handleError() - CORE/src/Error/BaseErrorHandler.php, line 138
Cake\Cache\Engine\FileEngine::_active() - CORE/src/Cache/Engine/FileEngine.php, line 430
Cake\Cache\Engine\FileEngine::init() - CORE/src/Cache/Engine/FileEngine.php, line 102
Cake\Cache\CacheRegistry::_create() - CORE/src/Cache/CacheRegistry.php, line 89
Cake\Core\ObjectRegistry::load() - CORE/src/Core/ObjectRegistry.php, line 88
DebugKit\Cache\Engine\DebugEngine::init() - ROOT/vendor/cakephp/debug_kit/src/Cache/Engine/DebugEngine.php, line 79
Cake\Cache\CacheRegistry::_create() - CORE/src/Cache/CacheRegistry.php, line 89
Cake\Core\ObjectRegistry::load() - CORE/src/Core/ObjectRegistry.php, line 88
Cake\Cache\Cache::_buildEngine() - CORE/src/Cache/Cache.php, line 135
Cake\Cache\Cache::engine() - CORE/src/Cache/Cache.php, line 165
Cake\Cache\Cache::read() - CORE/src/Cache/Cache.php, line 278
Cake\Database\Schema\CachedCollection::describe() - CORE/src/Database/Schema/CachedCollection.php, line 59
Cake\ORM\Table::schema() - CORE/src/ORM/Table.php, line 422
Cake\ORM\Marshaller::one() - CORE/src/ORM/Marshaller.php, line 107
Cake\ORM\Table::newEntity() - CORE/src/ORM/Table.php, line 1953
DebugKit\Routing\Filter\DebugBarFilter::afterDispatch() - ROOT/vendor/cakephp/debug_kit/src/Routing/Filter/DebugBarFilter.php, line 189
Cake\Event\EventManager::_callListener() - CORE/src/Event/EventManager.php, line 385
Cake\Event\EventManager::dispatch() - CORE/src/Event/EventManager.php, line 351
Cake\Routing\Dispatcher::dispatchEvent() - CORE/src/Event/EventManagerTrait.php, line 78
Cake\Error\ExceptionRenderer::_shutdown() - CORE/src/Error/ExceptionRenderer.php, line 351
Cake\Error\ExceptionRenderer::_outputMessage() - CORE/src/Error/ExceptionRenderer.php, line 297
Cake\Error\ExceptionRenderer::_outputMessage() - CORE/src/Error/ExceptionRenderer.php, line 303
Cake\Error\ExceptionRenderer::render() - CORE/src/Error/ExceptionRenderer.php, line 172
Cake\Error\ErrorHandler::_displayException() - CORE/src/Error/ErrorHandler.php, line 143
Cake\Error\BaseErrorHandler::handleException() - CORE/src/Error/BaseErrorHandler.php, line 155
[main] - [internal], line ??



2015-04-10 05:34:53 Error: [RuntimeException] Cache engine Cake\Cache\Engine\FileEngine is not properly configured.
Request URL: /CakePHP/
Stack Trace:
#0 /Users/edster2007/Sites/CakePHP/vendor/cakephp/cakephp/src/Core/ObjectRegistry.php(88): Cake\Cache\CacheRegistry->_create('Cake\\Cache\\Engi...', 'spies', Array)
#1 /Users/edster2007/Sites/CakePHP/vendor/cakephp/debug_kit/src/Cache/Engine/DebugEngine.php(79): Cake\Core\ObjectRegistry->load('spies', Array)
#2 /Users/edster2007/Sites/CakePHP/vendor/cakephp/cakephp/src/Cache/CacheRegistry.php(89): DebugKit\Cache\Engine\DebugEngine->init(Array)
#3 /Users/edster2007/Sites/CakePHP/vendor/cakephp/cakephp/src/Core/ObjectRegistry.php(88): Cake\Cache\CacheRegistry->_create(Object(DebugKit\Cache\Engine\DebugEngine), '_cake_core_', Array)
#4 /Users/edster2007/Sites/CakePHP/vendor/cakephp/cakephp/src/Cache/Cache.php(135): Cake\Core\ObjectRegistry->load('_cake_core_', Array)
#5 /Users/edster2007/Sites/CakePHP/vendor/cakephp/cakephp/src/Cache/Cache.php(165): Cake\Cache\Cache::_buildEngine('_cake_core_')
#6 /Users/edster2007/Sites/CakePHP/vendor/cakephp/cakephp/src/I18n/I18n.php(73): Cake\Cache\Cache::engine('_cake_core_')
#7 /Users/edster2007/Sites/CakePHP/vendor/cakephp/cakephp/src/I18n/I18n.php(138): Cake\I18n\I18n::translators()
#8 /Users/edster2007/Sites/CakePHP/vendor/cakephp/cakephp/src/I18n/functions.php(81): Cake\I18n\I18n::translator('debug_kit')
#9 /Users/edster2007/Sites/CakePHP/vendor/cakephp/debug_kit/src/Panel/TimerPanel.php(54): __d('debug_kit', 'Controller init...')
#10 /Users/edster2007/Sites/CakePHP/vendor/cakephp/cakephp/src/Event/EventManager.php(381): DebugKit\Panel\TimerPanel->DebugKit\Panel\{closure}(Object(Cake\Event\Event))
#11 /Users/edster2007/Sites/CakePHP/vendor/cakephp/cakephp/src/Event/EventManager.php(351): Cake\Event\EventManager->_callListener(Object(Closure), Object(Cake\Event\Event))
#12 /Users/edster2007/Sites/CakePHP/vendor/cakephp/cakephp/src/Event/EventManagerTrait.php(78): Cake\Event\EventManager->dispatch(Object(Cake\Event\Event))
#13 /Users/edster2007/Sites/CakePHP/vendor/cakephp/cakephp/src/Controller/Controller.php(467): Cake\Controller\Controller->dispatchEvent('Controller.init...')
#14 /Users/edster2007/Sites/CakePHP/vendor/cakephp/cakephp/src/Routing/Dispatcher.php(109): Cake\Controller\Controller->startupProcess()
#15 /Users/edster2007/Sites/CakePHP/vendor/cakephp/cakephp/src/Routing/Dispatcher.php(87): Cake\Routing\Dispatcher->_invoke(Object(App\Controller\PagesController))
#16 /Users/edster2007/Sites/CakePHP/webroot/index.php(37): Cake\Routing\Dispatcher->dispatch(Object(Cake\Network\Request), Object(Cake\Network\Response))
#17 {main}


2015-04-10 06:18:26 Error: [InvalidArgumentException] Tags is not associated with BookmarksTags
Request URL: /CakePHP/tags/view/8
Stack Trace:
#0 /Users/edster2007/Sites/CakePHP/vendor/cakephp/cakephp/src/ORM/EagerLoader.php(232): Cake\ORM\EagerLoader->_normalizeContain(Object(App\Model\Table\TagsTable), 'BookmarksTags', Array, Array)
#1 /Users/edster2007/Sites/CakePHP/vendor/cakephp/cakephp/src/ORM/EagerLoader.php(337): Cake\ORM\EagerLoader->normalized(Object(App\Model\Table\TagsTable))
#2 /Users/edster2007/Sites/CakePHP/vendor/cakephp/cakephp/src/ORM/EagerLoader.php(316): Cake\ORM\EagerLoader->attachableAssociations(Object(App\Model\Table\TagsTable))
#3 /Users/edster2007/Sites/CakePHP/vendor/cakephp/cakephp/src/ORM/Query.php(669): Cake\ORM\EagerLoader->attachAssociations(Object(Cake\ORM\Query), Object(App\Model\Table\TagsTable), true)
#4 /Users/edster2007/Sites/CakePHP/vendor/cakephp/cakephp/src/ORM/Query.php(625): Cake\ORM\Query->_transformQuery()
#5 /Users/edster2007/Sites/CakePHP/vendor/cakephp/cakephp/src/Database/Driver/Mysql.php(116): Cake\ORM\Query->sql()
#6 /Users/edster2007/Sites/CakePHP/vendor/cakephp/cakephp/src/Database/Connection.php(220): Cake\Database\Driver\Mysql->prepare(Object(Cake\ORM\Query))
#7 /Users/edster2007/Sites/CakePHP/vendor/cakephp/cakephp/src/Database/Connection.php(272): Cake\Database\Connection->prepare(Object(Cake\ORM\Query))
#8 /Users/edster2007/Sites/CakePHP/vendor/cakephp/cakephp/src/Database/Query.php(174): Cake\Database\Connection->run(Object(Cake\ORM\Query))
#9 /Users/edster2007/Sites/CakePHP/vendor/cakephp/cakephp/src/ORM/Query.php(644): Cake\Database\Query->execute()
#10 /Users/edster2007/Sites/CakePHP/vendor/cakephp/cakephp/src/Datasource/QueryTrait.php(218): Cake\ORM\Query->_execute()
#11 /Users/edster2007/Sites/CakePHP/vendor/cakephp/cakephp/src/ORM/Query.php(595): Cake\ORM\Query->_all()
#12 /Users/edster2007/Sites/CakePHP/vendor/cakephp/cakephp/src/Datasource/QueryTrait.php(340): Cake\ORM\Query->all()
#13 /Users/edster2007/Sites/CakePHP/vendor/cakephp/cakephp/src/Datasource/QueryTrait.php(351): Cake\ORM\Query->first()
#14 /Users/edster2007/Sites/CakePHP/vendor/cakephp/cakephp/src/ORM/Table.php(1108): Cake\ORM\Query->firstOrFail()
#15 /Users/edster2007/Sites/CakePHP/src/Controller/TagsController.php(36): Cake\ORM\Table->get('8', Array)
#16 [internal function]: App\Controller\TagsController->view('8')
#17 /Users/edster2007/Sites/CakePHP/vendor/cakephp/cakephp/src/Controller/Controller.php(405): call_user_func_array(Array, Array)
#18 /Users/edster2007/Sites/CakePHP/vendor/cakephp/cakephp/src/Routing/Dispatcher.php(114): Cake\Controller\Controller->invokeAction()
#19 /Users/edster2007/Sites/CakePHP/vendor/cakephp/cakephp/src/Routing/Dispatcher.php(87): Cake\Routing\Dispatcher->_invoke(Object(App\Controller\TagsController))
#20 /Users/edster2007/Sites/CakePHP/webroot/index.php(37): Cake\Routing\Dispatcher->dispatch(Object(Cake\Network\Request), Object(Cake\Network\Response))
#21 {main}


